Ref Coa 1 Cont 1 Cont 2 Cont 3 Cont 4 Cont 5 Coa 2 Cont 1 Cont 2 Cont 3 Cont 4 Cont 5              Trial 
Sta  Stat Sta SG Sta SG Sta SG Sta SG Sta SG  Stat Sta SG Sta SG Sta SG Sta SG Sta SG 3 2 1 . 1 2 3 NB PS 

Game 1
Ref Coa 1 Cont 1 Cont 2 Cont 3 Cont 4 Cont 5 Coa 2 Cont 1 Cont 2 Cont 3 Cont 4 Cont 5              Trial 
Sta  Stat Sta SG Sta SG Sta SG Sta SG Sta SG  Stat Sta SG Sta SG Sta SG Sta SG Sta SG 3 2 1 . 1 2 3 NB PS 
SOF  WCTL SAB 10 SAB 10 SAB 10 SAB 10 SAB 10  WCTL SAB 10 SAB 10 SAB 10 SAB 10 SAB 10    0    0 
SOF  WCTL SAB 10 SAB 10 SAB 10 SAB 10 SAB 10  WCTL SAB 10 SAB 10 SAB 10 SAB 10 SAB 10    1    0 
SOF  WCTL SAB 10 SAB 10 SAB 10 SAB 10 SAB 10  WCTL SAB 10 SAB 10 SAB 10 SAB 10 SAB 10    1    -1 
SOF  WCTL SAB 10 SAB 10 SAB 10 SAB 10 SAB 10  WCTL SAB 10 SAB 10 SAB 10 SAB 10 SAB 10    2    -1 
SOF  WCTL SAB 10 SAB 10 SAB 10 SAB 10 SAB 10  WCTL SAB 10 SAB 10 SAB 10 SAB 10 SAB 10    2    -2 
SOF  WCTL SAB 10 SAB 10 SAB 10 SAB 10 SAB 10  WCTL SAB 10 SAB 10 SAB 10 SAB 10 SAB 10    3    -2 
SOF  WCTL SAB 10 SAB 10 SAB 10 SAB 10 SAB 10  WCTL SAB 10 SAB 10 SAB 10 SAB 10 SAB 10    3    -3 
SOF  WCTL SAB 10 SAB 10 SAB 10 SAB 10 SAB 10  WCTL SAB 10 SAB 10 SAB 10 SAB 10 SAB 10    4    -3 
SOF  WCTL SAB 10 SAB 10 SAB 10 SAB 10 SAB 10  WCTL SAB 10 SAB 10 SAB 10 SAB 10 SAB 10    4    -4 

Game 2
Ref Coa 1 Cont 1 Cont 2 Cont 3 Cont 4 Cont 5 Coa 2 Cont 1 Cont 2 Cont 3 Cont 4 Cont 5              Trial 
Sta  Stat Sta SG Sta SG Sta SG Sta SG Sta SG  Stat Sta SG Sta SG Sta SG Sta SG Sta SG 3 2 1 . 1 2 3 NB PS 
SOF  WCTL SAB 10 SAB 10 SAB 10 SAB 10 SAB 10  WCTL SAB 10 SAB 10 SAB 10 SAB 10 SAB 10    0    0 
SOF  WCTL SAB 10 SAB 10 SAB 10 SAB 10 SAB 10  WCTL SAB 10 SAB 10 SAB 10 SAB 10 SAB 10    1    0 
SOF  WCTL SAB 10 SAB 10 SAB 10 SAB 10 SAB 10  WCTL SAB 10 SAB 10 SAB 10 SAB 10 SAB 10    1    -1 
SOF  WCTL SAB 10 SAB 10 SAB 10 SAB 10 SAB 10  WCTL SAB 10 SAB 10 SAB 10 SAB 10 SAB 10    2    -1 
SOF  WCTL SAB 10 SAB 10 SAB 10 SAB 10 SAB 10  WCTL SAB 10 SAB 10 SAB 10 SAB 10 SAB 10    2    -2 
SOF  WCTL SAB 10 SAB 10 SAB 10 SAB 10 SAB 10  WCTL SAB 10 SAB 10 SAB 10 SAB 10 SAB 10    3    -2 
SOF  WCTL SAB 10 SAB 10 SAB 10 SAB 10 SAB 10  WCTL SAB 10 SAB 10 SAB 10 SAB 10 SAB 10    3    -3 
SOF  WCTL SAB 10 SAB 10 SAB 10 SAB 10 SAB 10  WCTL SAB 10 SAB 10 SAB 10 SAB 10 SAB 10    4    -3 
SOF  WCTL SAB 10 SAB 10 SAB 10 SAB 10 SAB 10  WCTL SAB 10 SAB 10 SAB 10 SAB 10 SAB 10    4    -4 

Game 3
Ref Coa 1 Cont 1 Cont 2 Cont 3 Cont 4 Cont 5 Coa 2 Cont 1 Cont 2 Cont 3 Cont 4 Cont 5              Trial 
Sta  Stat Sta SG Sta SG Sta SG Sta SG Sta SG  Stat Sta SG Sta SG Sta SG Sta SG Sta SG 3 2 1 . 1 2 3 NB PS 

SIMULATION ENDED!

Legend: 
Ref Sta    – state of the referee 
Coa # Stat - state of the coach of team # (# - 1 .. 2) 
Cont # Sta – state of the contestant # (# - 1 .. 5) of team whose coach was listed to the immediate left
Cont # SG  – strength of the contestant # (# - 1 .. 5) of team whose coach was listed to the immediate left
TRIAL – ?  – contestant identification at the position ? at the end of the rope for present trial (? - 1 .. 3)
TRIAL – NB – trial number
TRIAL – PS – position of the centre of the rope at the beginning of the trial

@authors Gabriel Vieira (68021) gabriel.vieira@ua.pt / Rui Oliveira (68779) ruipedrooliveira@ua.pt
