Ref Coa 1 Cont 1 Cont 2 Cont 3 Cont 4 Cont 5 Coa 2 Cont 1 Cont 2 Cont 3 Cont 4 Cont 5              Trial 
Sta  Stat Sta SG Sta SG Sta SG Sta SG Sta SG  Stat Sta SG Sta SG Sta SG Sta SG Sta SG 3 2 1 . 1 2 3 NB PS 
Game 1
Ref Coa 1 Cont 1 Cont 2 Cont 3 Cont 4 Cont 5 Coa 2 Cont 1 Cont 2 Cont 3 Cont 4 Cont 5              Trial 
Sta  Stat Sta SG Sta SG Sta SG Sta SG Sta SG  Stat Sta SG Sta SG Sta SG Sta SG Sta SG 3 2 1 . 1 2 3 NB PS 
SOF  WFRC SAB 19 SAB 10 SAB 13 SAB 11 SAB 13  WFRC SAB 20 SAB 19 SAB 12 SAB 18 SAB 14 - - - . - - -  0  0 
SOF  WFRC SAB 19 SAB 10 SAB 13 SAB 11 SAB 13  WFRC SAB 20 SAB 19 SAB 12 SAB 18 SAB 14 - - - . - - -  1  0 
TRY  WFRC SAB 19 SAB 10 SAB 13 SAB 11 SAB 13  WFRC SAB 20 SAB 19 SAB 12 SAB 18 SAB 14 - - - . - - -  1  0 
TRY  WFRC SAB 19 SAB 10 SAB 13 SAB 11 SAB 13  WFRC SAB 20 SAB 19 SAB 12 SAB 18 SIP 14 - - - . - - -  1  0 
TRY  ASTM SAB 19 SAB 10 SAB 13 SAB 11 SAB 13  WFRC SAB 20 SAB 19 SAB 12 SAB 18 SIP 14 - - - . - - -  1  0 
TRY  ASTM SAB 19 SAB 10 SAB 13 SAB 11 SAB 13  ASTM SAB 20 SAB 19 SAB 12 SAB 18 SIP 14 - - - . - - -  1  0 
TRY  ASTM SAB 19 SAB 10 SIP 13 SAB 11 SAB 13  ASTM SAB 20 SAB 19 SAB 12 SAB 18 SIP 14 - - - . - - -  1  0 
TRY  ASTM SAB 19 SAB 10 SIP 13 SIP 11 SAB 13  ASTM SAB 20 SAB 19 SAB 12 SAB 18 SIP 14 - - - . - - -  1  0 
TRY  ASTM SAB 19 SAB 10 SIP 13 DYB 11 SAB 13  ASTM SAB 20 SAB 19 SAB 12 SAB 18 SIP 14 - - - . - - -  1  0 
TRY  ASTM SIP 19 SAB 10 SIP 13 DYB 11 SAB 13  ASTM SAB 20 SAB 19 SAB 12 SAB 18 SIP 14 - - - . - - -  1  0 
TRY  ASTM SIP 19 SIP 10 SIP 13 DYB 11 SAB 13  ASTM SAB 20 SAB 19 SAB 12 SAB 18 SIP 14 - - - . - - -  1  0 
TRY  ASTM SIP 19 SIP 10 SIP 13 DYB 11 SIP 13  ASTM SAB 20 SAB 19 SAB 12 SAB 18 SIP 14 - - - . - - -  1  0 
TRY  ASTM SIP 19 SIP 10 SIP 13 DYB 11 SAB 13  ASTM SAB 20 SAB 19 SAB 12 SAB 18 SIP 14 - - - . - - -  1  0 
TRY  ASTM SIP 19 SIP 10 SIP 13 DYB 11 SAB 14  ASTM SAB 20 SAB 19 SAB 12 SAB 18 SIP 14 - - - . - - -  1  0 
TRY  ASTM SIP 19 SIP 10 SIP 13 DYB 11 SAB 14  ASTM SIP 20 SAB 19 SAB 12 SAB 18 SIP 14 - - - . - - -  1  0 
TRY  ASTM SIP 19 SIP 10 SIP 13 DYB 11 SAB 14  ASTM SIP 20 SIP 19 SAB 12 SAB 18 SIP 14 - - - . - - -  1  0 
TRY  ASTM SIP 19 SIP 10 SIP 13 DYB 11 SAB 14  ASTM SIP 20 SIP 19 SAB 12 SIP 18 SIP 14 - - - . - - -  1  0 
TRY  ASTM SIP 19 SIP 10 SIP 13 DYB 11 SAB 14  ASTM SIP 20 SIP 19 SIP 12 SIP 18 SIP 14 - - - . - - -  1  0 
TRY  ASTM SIP 19 SIP 10 SIP 13 DYB 11 SAB 14  ASTM SIP 20 SIP 19 SAB 12 SIP 18 SIP 14 - - - . - - -  1  0 
TRY  ASTM SIP 19 SIP 10 SIP 13 DYB 11 SAB 14  ASTM SIP 20 SIP 19 SAB 13 SIP 18 SIP 14 - - - . - - -  1  0 
TRY  ASTM SIP 19 SIP 10 SIP 13 DYB 11 SAB 14  ASTM SIP 20 SIP 19 SAB 13 SIP 18 SIP 14 4 - - . - - -  1  0 
TRY  ASTM SIP 19 SIP 10 DYB 13 DYB 11 SAB 14  ASTM SIP 20 SIP 19 SAB 13 SIP 18 SIP 14 4 - - . - - -  1  0 
TRY  ASTM SIP 19 SIP 10 DYB 13 DYB 11 SAB 14  ASTM SIP 20 SIP 19 SAB 13 SIP 18 SIP 14 4 3 - . - - -  1  0 
TRY  ASTM SIP 19 SIP 10 DYB 13 DYB 11 SAB 14  ASTM SIP 20 SIP 19 SAB 13 DYB 18 SIP 14 4 3 - . - - -  1  0 
TRY  ASTM SIP 19 SIP 10 DYB 13 DYB 11 SAB 14  ASTM SIP 20 SIP 19 SAB 13 DYB 18 SIP 14 4 3 - . 4 - -  1  0 
TRY  ASTM SIP 19 SIP 10 DYB 13 DYB 11 SAB 14  ASTM SIP 20 DYB 19 SAB 13 DYB 18 SIP 14 4 3 - . 4 - -  1  0 
TRY  ASTM SIP 19 SIP 10 DYB 13 DYB 11 SAB 14  ASTM DYB 20 DYB 19 SAB 13 DYB 18 SIP 14 4 3 - . 4 - -  1  0 
TRY  ASTM SIP 19 SIP 10 DYB 13 DYB 11 SAB 14  ASTM DYB 20 DYB 19 SAB 13 DYB 18 DYB 14 4 3 - . 4 - -  1  0 
WTC  ASTM SIP 19 SIP 10 DYB 13 DYB 11 SAB 14  ASTM DYB 20 DYB 19 SAB 13 DYB 18 DYB 14 4 3 - . 4 - -  1  0 
WTC  ASTM SIP 19 SIP 10 DYB 13 DYB 11 SAB 14  ASTM DYB 20 DYB 19 SAB 13 DYB 18 DYB 14 4 3 - . 4 2 -  1  0 
WTC  ASTM SIP 19 DYB 10 DYB 13 DYB 11 SAB 14  ASTM DYB 20 DYB 19 SAB 13 DYB 18 DYB 14 4 3 - . 4 2 -  1  0 
WTC  ASTM SIP 19 DYB 10 DYB 13 DYB 11 SAB 14  ASTM DYB 20 DYB 19 SAB 13 DYB 18 DYB 14 4 3 2 . 4 2 -  1  0 
WTC  ASTM DYB 19 DYB 10 DYB 13 DYB 11 SAB 14  ASTM DYB 20 DYB 19 SAB 13 DYB 18 DYB 14 4 3 2 . 4 2 -  1  0 
WTC  ASTM DYB 19 DYB 10 DYB 13 DYB 11 SAB 14  ASTM DYB 20 DYB 19 SAB 13 DYB 18 DYB 14 4 3 2 . 4 2 5  1  0 
WTC  ASTM DYB 19 DYB 10 DYB 13 DYB 11 SAB 14  ASTM DYB 20 DYB 19 SAB 13 DYB 18 DYB 14 4 3 2 . 4 2 5  1  0 
WTC  ASTM DYB 19 DYB 10 DYB 13 DYB 11 SAB 14  ASTM DYB 20 DYB 19 SAB 13 DYB 18 DYB 14 4 3 2 . 4 2 5  1  0 
WTC  ASTM DYB 19 DYB 10 DYB 13 DYB 11 SAB 14  ASTM DYB 20 DYB 19 SAB 13 DYB 18 DYB 14 4 3 2 . 4 2 5  1  0 
WTC  ASTM DYB 19 DYB 10 DYB 13 DYB 11 SAB 14  ASTM DYB 20 DYB 19 SAB 13 DYB 18 DYB 14 3 2 - . 4 2 5  1  0 
WTC  ASTM DYB 19 DYB 10 DYB 13 DYB 11 SAB 14  ASTM DYB 20 DYB 19 SAB 13 DYB 18 DYB 14 2 - - . 4 2 5  1  0 
WTC  ASTM DYB 19 DYB 10 DYB 13 DYB 10 SAB 14  ASTM DYB 20 DYB 19 SAB 13 DYB 18 DYB 14 2 - - . 4 2 5  1  0 
WTC  ASTM DYB 19 DYB 10 DYB 13 SAB 10 SAB 14  ASTM DYB 20 DYB 19 SAB 13 DYB 18 DYB 14 2 - - . 4 2 5  1  0 
WTC  ASTM DYB 19 DYB 10 DYB 13 SAB 10 SAB 14  ASTM DYB 20 DYB 19 SAB 13 DYB 18 DYB 14 2 - - . 2 5 1  1  0 
WTC  ASTM DYB 19 DYB 10 DYB 13 SAB 10 SAB 14  ASTM DYB 20 DYB 19 SAB 13 DYB 17 DYB 14 2 - - . 2 5 1  1  0 
WTC  ASTM DYB 19 DYB 10 DYB 13 SAB 10 SAB 14  ASTM DYB 20 DYB 19 SAB 13 SAB 17 DYB 14 2 - - . 2 5 1  1  0 
WTC  ASTM DYB 19 DYB 10 DYB 13 SAB 10 SAB 14  ASTM DYB 20 DYB 19 SAB 13 SAB 17 DYB 14 2 - - . 5 1 -  1  0 
WTC  ASTM DYB 19 DYB 10 DYB 13 SAB 10 SAB 14  ASTM DYB 20 DYB 19 SAB 13 SAB 17 DYB 14 - - - . 5 1 -  1  0 
WTC  ASTM DYB 19 DYB  9 DYB 13 SAB 10 SAB 14  ASTM DYB 20 DYB 19 SAB 13 SAB 17 DYB 14 - - - . 5 1 -  1  0 
WTC  ASTM DYB 19 SAB  9 DYB 13 SAB 10 SAB 14  ASTM DYB 20 DYB 19 SAB 13 SAB 17 DYB 14 - - - . 5 1 -  1  0 
WTC  ASTM DYB 19 SAB  9 DYB 13 SAB 10 SAB 14  ASTM DYB 20 DYB 19 SAB 13 SAB 17 DYB 14 - - - . 1 - -  1  0 
WTC  ASTM DYB 19 SAB  9 DYB 13 SAB 10 SAB 14  ASTM DYB 20 DYB 19 SAB 13 SAB 17 DYB 14 - - - . - - -  1  0 
WTC  ASTM DYB 19 SAB  9 DYB 13 SAB 10 SAB 14  ASTM DYB 19 DYB 19 SAB 13 SAB 17 DYB 14 - - - . - - -  1  0 
WTC  ASTM DYB 19 SAB  9 DYB 13 SAB 10 SAB 14  ASTM SAB 19 DYB 19 SAB 13 SAB 17 DYB 14 - - - . - - -  1  0 
WTC  ASTM DYB 19 SAB  9 DYB 13 SAB 10 SAB 14  ASTM SAB 19 DYB 19 SAB 13 SAB 17 DYB 13 - - - . - - -  1  0 
WTC  ASTM DYB 19 SAB  9 DYB 13 SAB 10 SAB 14  ASTM SAB 19 DYB 19 SAB 13 SAB 17 SAB 13 - - - . - - -  1  0 
WTC  ASTM DYB 19 SAB  9 DYB 13 SAB 10 SAB 14  ASTM SAB 19 DYB 18 SAB 13 SAB 17 SAB 13 - - - . - - -  1  0 
WTC  ASTM DYB 19 SAB  9 DYB 12 SAB 10 SAB 14  ASTM SAB 19 DYB 18 SAB 13 SAB 17 SAB 13 - - - . - - -  1  0 
WTC  ASTM DYB 18 SAB  9 DYB 12 SAB 10 SAB 14  ASTM SAB 19 DYB 18 SAB 13 SAB 17 SAB 13 - - - . - - -  1  0 
WTC  ASTM SAB 18 SAB  9 DYB 12 SAB 10 SAB 14  ASTM SAB 19 DYB 18 SAB 13 SAB 17 SAB 13 - - - . - - -  1  0 
WTC  WFRC SAB 18 SAB  9 DYB 12 SAB 10 SAB 14  ASTM SAB 19 DYB 18 SAB 13 SAB 17 SAB 13 - - - . - - -  1  0 
WTC  WFRC SAB 18 SAB  9 DYB 12 SAB 10 SAB 14  ASTM SAB 19 SAB 18 SAB 13 SAB 17 SAB 13 - - - . - - -  1  0 
WTC  WFRC SAB 18 SAB  9 DYB 12 SAB 10 SAB 14  WFRC SAB 19 SAB 18 SAB 13 SAB 17 SAB 13 - - - . - - -  1  0 
WTC  WFRC SAB 18 SAB  9 SAB 12 SAB 10 SAB 14  WFRC SAB 19 SAB 18 SAB 13 SAB 17 SAB 13 - - - . - - -  1  0 
WTC  WFRC SAB 18 SAB  9 SAB 12 SAB 10 SAB 14  WFRC SAB 19 SAB 18 SAB 13 SAB 17 SAB 13 - - - . - - -  1  0 
WTC  WFRC SAB 18 SAB  9 SAB 12 SAB 10 SAB 14  WFRC SAB 19 SAB 18 SAB 13 SAB 17 SAB 13 - - - . - - -  1  1 
SOF  WFRC SAB 18 SAB  9 SAB 12 SAB 10 SAB 14  WFRC SAB 19 SAB 18 SAB 13 SAB 17 SAB 13 - - - . - - -  1  1 
TRY  WFRC SAB 18 SAB  9 SAB 12 SAB 10 SAB 14  WFRC SAB 19 SAB 18 SAB 13 SAB 17 SAB 13 - - - . - - -  1  1 
TRY  WFRC SAB 18 SAB  9 SIP 12 SAB 10 SAB 14  WFRC SAB 19 SAB 18 SAB 13 SAB 17 SAB 13 - - - . - - -  1  1 
TRY  WFRC SAB 18 SAB  9 SIP 12 SAB 10 SAB 14  WFRC SAB 19 SIP 18 SAB 13 SAB 17 SAB 13 - - - . - - -  1  1 
TRY  ASTM SAB 18 SAB  9 SIP 12 SAB 10 SAB 14  WFRC SAB 19 SIP 18 SAB 13 SAB 17 SAB 13 - - - . - - -  1  1 
TRY  ASTM SAB 18 SAB  9 SIP 12 SAB 10 SAB 14  WFRC SIP 19 SIP 18 SAB 13 SAB 17 SAB 13 - - - . - - -  1  1 
TRY  ASTM SAB 18 SAB  9 SIP 12 SAB 10 SAB 14  WFRC SIP 19 SIP 18 SAB 13 SAB 17 SIP 13 - - - . - - -  1  1 
TRY  ASTM SAB 18 SAB  9 SIP 12 SAB 10 SAB 14  WFRC SIP 19 SIP 18 SAB 13 SAB 17 SAB 13 - - - . - - -  1  1 
TRY  ASTM SAB 18 SAB  9 SIP 12 SAB 10 SAB 14  WFRC SIP 19 SIP 18 SAB 13 SAB 17 SAB 14 - - - . - - -  1  1 
TRY  ASTM SAB 18 SIP  9 SIP 12 SAB 10 SAB 14  WFRC SIP 19 SIP 18 SAB 13 SAB 17 SAB 14 - - - . - - -  1  1 
TRY  ASTM SAB 18 SIP  9 SIP 12 SAB 10 SAB 14  WFRC SIP 19 SIP 18 SAB 13 SIP 17 SAB 14 - - - . - - -  1  1 
TRY  ASTM SAB 18 SIP  9 SIP 12 SIP 10 SAB 14  WFRC SIP 19 SIP 18 SAB 13 SIP 17 SAB 14 - - - . - - -  1  1 
TRY  ASTM SAB 18 SIP  9 SIP 12 SIP 10 SAB 14  WFRC SIP 19 SIP 18 SIP 13 SIP 17 SAB 14 - - - . - - -  1  1 
TRY  ASTM SAB 18 SIP  9 SIP 12 SIP 10 SIP 14  WFRC SIP 19 SIP 18 SIP 13 SIP 17 SAB 14 - - - . - - -  1  1 
TRY  ASTM SAB 18 SIP  9 SIP 12 SIP 10 SIP 14  ASTM SIP 19 SIP 18 SIP 13 SIP 17 SAB 14 - - - . - - -  1  1 
TRY  ASTM SIP 18 SIP  9 SIP 12 SIP 10 SIP 14  ASTM SIP 19 SIP 18 SIP 13 SIP 17 SAB 14 - - - . - - -  1  1 
TRY  ASTM SAB 18 SIP  9 SIP 12 SIP 10 SIP 14  ASTM SIP 19 SIP 18 SIP 13 SIP 17 SAB 14 - - - . - - -  1  1 
TRY  ASTM SAB 18 SIP  9 SIP 12 SIP 10 SIP 14  ASTM SIP 19 DYB 18 SIP 13 SIP 17 SAB 14 - - - . - - -  1  1 
TRY  ASTM SAB 18 SIP  9 SIP 12 SIP 10 SIP 14  ASTM SIP 19 DYB 18 SIP 13 SIP 17 SAB 14 - - - . 2 - -  1  1 
TRY  ASTM SAB 18 SIP  9 DYB 12 SIP 10 SIP 14  ASTM SIP 19 DYB 18 SIP 13 SIP 17 SAB 14 - - - . 2 - -  1  1 
TRY  ASTM SAB 18 SIP  9 DYB 12 SIP 10 SIP 14  ASTM SIP 19 DYB 18 SIP 13 SIP 17 SAB 14 3 - - . 2 - -  1  1 
WTC  ASTM SAB 18 SIP  9 DYB 12 SIP 10 SIP 14  ASTM SIP 19 DYB 18 SIP 13 SIP 17 SAB 14 3 - - . 2 - -  1  1 
WTC  ASTM SAB 18 SIP  9 DYB 12 SIP 10 DYB 14  ASTM SIP 19 DYB 18 SIP 13 SIP 17 SAB 14 3 - - . 2 - -  1  1 
WTC  ASTM SAB 18 SIP  9 DYB 12 SIP 10 DYB 14  ASTM SIP 19 DYB 18 SIP 13 SIP 17 SAB 14 3 5 - . 2 - -  1  1 
WTC  ASTM SAB 18 SIP  9 DYB 12 SIP 10 DYB 14  ASTM SIP 19 DYB 18 DYB 13 SIP 17 SAB 14 3 5 - . 2 - -  1  1 
WTC  ASTM SAB 18 SIP  9 DYB 12 SIP 10 DYB 14  ASTM SIP 19 DYB 18 DYB 13 SIP 17 SAB 14 3 5 - . 2 3 -  1  1 
WTC  ASTM SAB 18 SIP  9 DYB 12 DYB 10 DYB 14  ASTM SIP 19 DYB 18 DYB 13 SIP 17 SAB 14 3 5 - . 2 3 -  1  1 
WTC  ASTM SAB 18 SIP  9 DYB 12 DYB 10 DYB 14  ASTM SIP 19 DYB 18 DYB 13 SIP 17 SAB 14 3 5 4 . 2 3 -  1  1 
WTC  ASTM SAB 18 SIP  9 DYB 12 DYB 10 DYB 14  ASTM SIP 19 DYB 18 DYB 13 DYB 17 SAB 14 3 5 4 . 2 3 -  1  1 
WTC  ASTM SAB 18 SIP  9 DYB 12 DYB 10 DYB 14  ASTM SIP 19 DYB 18 DYB 13 DYB 17 SAB 14 3 5 4 . 2 3 4  1  1 
WTC  ASTM SAB 18 DYB  9 DYB 12 DYB 10 DYB 14  ASTM SIP 19 DYB 18 DYB 13 DYB 17 SAB 14 3 5 4 . 2 3 4  1  1 
WTC  ASTM SAB 18 DYB  9 DYB 12 DYB 10 DYB 14  ASTM SIP 19 DYB 18 DYB 13 DYB 17 SAB 14 3 5 4 . 2 3 4  1  1 
WTC  ASTM SAB 18 DYB  9 DYB 12 DYB 10 DYB 14  ASTM DYB 19 DYB 18 DYB 13 DYB 17 SAB 14 3 5 4 . 2 3 4  1  1 
WTC  ASTM SAB 18 DYB  9 DYB 12 DYB 10 DYB 14  ASTM DYB 19 DYB 18 DYB 13 DYB 17 SAB 14 3 5 4 . 2 3 4  1  1 
WTC  ASTM SAB 19 DYB  9 DYB 12 DYB 10 DYB 14  ASTM DYB 19 DYB 18 DYB 13 DYB 17 SAB 14 3 5 4 . 2 3 4  1  1 
WTC  ASTM SAB 19 DYB  9 DYB 12 DYB 10 DYB 14  ASTM DYB 19 DYB 18 DYB 13 DYB 17 SAB 14 3 5 4 . 2 3 4  1  1 
WTC  ASTM SAB 19 DYB  9 DYB 12 DYB 10 DYB 14  ASTM DYB 19 DYB 18 DYB 13 DYB 17 SAB 14 3 5 4 . 3 4 -  1  1 
WTC  ASTM SAB 19 DYB  9 DYB 12 DYB 10 DYB 14  ASTM DYB 19 DYB 17 DYB 13 DYB 17 SAB 14 3 5 4 . 3 4 -  1  1 
WTC  ASTM SAB 19 DYB  9 DYB 12 DYB 10 DYB 14  ASTM DYB 19 SAB 17 DYB 13 DYB 17 SAB 14 3 5 4 . 3 4 -  1  1 
WTC  ASTM SAB 19 DYB  9 DYB 12 DYB 10 DYB 14  ASTM DYB 19 SAB 17 DYB 13 DYB 17 SAB 14 5 4 2 . 3 4 -  1  1 
WTC  ASTM SAB 19 DYB  9 DYB 12 DYB 10 DYB 14  ASTM DYB 19 SAB 17 DYB 13 DYB 17 SAB 14 4 2 - . 3 4 -  1  1 
WTC  ASTM SAB 19 DYB  9 DYB 12 DYB 10 DYB 13  ASTM DYB 19 SAB 17 DYB 13 DYB 17 SAB 14 4 2 - . 3 4 -  1  1 
WTC  ASTM SAB 19 DYB  9 DYB 12 DYB 10 SAB 13  ASTM DYB 19 SAB 17 DYB 13 DYB 17 SAB 14 4 2 - . 3 4 -  1  1 
WTC  ASTM SAB 19 DYB  9 DYB 12 DYB 10 SAB 13  ASTM DYB 19 SAB 17 DYB 13 DYB 17 SAB 14 4 2 - . 4 - -  1  1 
WTC  ASTM SAB 19 DYB  9 DYB 12 DYB 10 SAB 13  ASTM DYB 19 SAB 17 DYB 13 DYB 17 SAB 14 2 - - . 4 - -  1  1 
WTC  ASTM SAB 19 DYB  9 DYB 12 DYB  9 SAB 13  ASTM DYB 19 SAB 17 DYB 13 DYB 17 SAB 14 2 - - . 4 - -  1  1 
WTC  ASTM SAB 19 DYB  9 DYB 12 SAB  9 SAB 13  ASTM DYB 19 SAB 17 DYB 13 DYB 17 SAB 14 2 - - . 4 - -  1  1 
WTC  ASTM SAB 19 DYB  9 DYB 12 SAB  9 SAB 13  ASTM DYB 19 SAB 17 DYB 13 DYB 17 SAB 14 2 - - . - - -  1  1 
WTC  ASTM SAB 19 DYB  9 DYB 12 SAB  9 SAB 13  ASTM DYB 19 SAB 17 DYB 13 DYB 17 SAB 14 - - - . - - -  1  1 
WTC  ASTM SAB 19 DYB  8 DYB 12 SAB  9 SAB 13  ASTM DYB 19 SAB 17 DYB 13 DYB 17 SAB 14 - - - . - - -  1  1 
WTC  ASTM SAB 19 SAB  8 DYB 12 SAB  9 SAB 13  ASTM DYB 19 SAB 17 DYB 13 DYB 17 SAB 14 - - - . - - -  1  1 
WTC  ASTM SAB 19 SAB  8 DYB 12 SAB  9 SAB 13  ASTM DYB 19 SAB 17 DYB 12 DYB 17 SAB 14 - - - . - - -  1  1 
WTC  ASTM SAB 19 SAB  8 DYB 12 SAB  9 SAB 13  ASTM DYB 19 SAB 17 SAB 12 DYB 17 SAB 14 - - - . - - -  1  1 
WTC  ASTM SAB 19 SAB  8 DYB 12 SAB  9 SAB 13  ASTM DYB 19 SAB 17 SAB 12 DYB 16 SAB 14 - - - . - - -  1  1 
WTC  ASTM SAB 19 SAB  8 DYB 12 SAB  9 SAB 13  ASTM DYB 19 SAB 17 SAB 12 SAB 16 SAB 14 - - - . - - -  1  1 
WTC  ASTM SAB 19 SAB  8 DYB 12 SAB  9 SAB 13  ASTM DYB 18 SAB 17 SAB 12 SAB 16 SAB 14 - - - . - - -  1  1 
WTC  ASTM SAB 19 SAB  8 DYB 12 SAB  9 SAB 13  ASTM SAB 18 SAB 17 SAB 12 SAB 16 SAB 14 - - - . - - -  1  1 
WTC  ASTM SAB 19 SAB  8 DYB 11 SAB  9 SAB 13  ASTM SAB 18 SAB 17 SAB 12 SAB 16 SAB 14 - - - . - - -  1  1 
WTC  ASTM SAB 19 SAB  8 SAB 11 SAB  9 SAB 13  ASTM SAB 18 SAB 17 SAB 12 SAB 16 SAB 14 - - - . - - -  1  1 
WTC  ASTM SAB 19 SAB  8 SAB 11 SAB  9 SAB 13  ASTM SAB 18 SAB 17 SAB 12 SAB 16 SAB 14 - - - . - - -  2  1 
WTC  ASTM SAB 19 SAB  8 SAB 11 SAB  9 SAB 13  ASTM SAB 18 SAB 17 SAB 12 SAB 16 SAB 14 - - - . - - -  2  2 
WTC  WFRC SAB 19 SAB  8 SAB 11 SAB  9 SAB 13  ASTM SAB 18 SAB 17 SAB 12 SAB 16 SAB 14 - - - . - - -  2  2 
SOF  WFRC SAB 19 SAB  8 SAB 11 SAB  9 SAB 13  ASTM SAB 18 SAB 17 SAB 12 SAB 16 SAB 14 - - - . - - -  2  2 
SOF  WFRC SAB 19 SAB  8 SAB 11 SAB  9 SAB 13  WFRC SAB 18 SAB 17 SAB 12 SAB 16 SAB 14 - - - . - - -  2  2 
TRY  WFRC SAB 19 SAB  8 SAB 11 SAB  9 SAB 13  WFRC SAB 18 SAB 17 SAB 12 SAB 16 SAB 14 - - - . - - -  2  2 
TRY  WFRC SAB 19 SAB  8 SAB 11 SAB  9 SAB 13  WFRC SAB 18 SAB 17 SIP 12 SAB 16 SAB 14 - - - . - - -  2  2 
TRY  WFRC SAB 19 SAB  8 SIP 11 SAB  9 SAB 13  WFRC SAB 18 SAB 17 SIP 12 SAB 16 SAB 14 - - - . - - -  2  2 
TRY  WFRC SAB 19 SAB  8 SIP 11 SAB  9 SAB 13  WFRC SIP 18 SAB 17 SIP 12 SAB 16 SAB 14 - - - . - - -  2  2 
TRY  WFRC SAB 19 SAB  8 SIP 11 SAB  9 SAB 13  WFRC SIP 18 SAB 17 SIP 12 SAB 16 SIP 14 - - - . - - -  2  2 
TRY  WFRC SAB 19 SIP  8 SIP 11 SAB  9 SAB 13  WFRC SIP 18 SAB 17 SIP 12 SAB 16 SIP 14 - - - . - - -  2  2 
TRY  WFRC SAB 19 SAB  8 SIP 11 SAB  9 SAB 13  WFRC SIP 18 SAB 17 SIP 12 SAB 16 SIP 14 - - - . - - -  2  2 
TRY  WFRC SAB 19 SAB  9 SIP 11 SAB  9 SAB 13  WFRC SIP 18 SAB 17 SIP 12 SAB 16 SIP 14 - - - . - - -  2  2 
TRY  WFRC SAB 19 SAB  9 SIP 11 SIP  9 SAB 13  WFRC SIP 18 SAB 17 SIP 12 SAB 16 SIP 14 - - - . - - -  2  2 
TRY  WFRC SIP 19 SAB  9 SIP 11 SIP  9 SAB 13  WFRC SIP 18 SAB 17 SIP 12 SAB 16 SIP 14 - - - . - - -  2  2 
TRY  WFRC SIP 19 SAB  9 SIP 11 SIP  9 SIP 13  WFRC SIP 18 SAB 17 SIP 12 SAB 16 SIP 14 - - - . - - -  2  2 
TRY  WFRC SIP 19 SAB  9 SIP 11 SIP  9 SIP 13  WFRC SIP 18 SAB 17 SIP 12 SIP 16 SIP 14 - - - . - - -  2  2 
TRY  WFRC SIP 19 SAB  9 SIP 11 SIP  9 SIP 13  WFRC SIP 18 SIP 17 SIP 12 SIP 16 SIP 14 - - - . - - -  2  2 
TRY  WFRC SIP 19 SAB  9 SIP 11 SIP  9 SIP 13  WFRC SIP 18 SAB 17 SIP 12 SIP 16 SIP 14 - - - . - - -  2  2 
TRY  WFRC SIP 19 SAB  9 SIP 11 SIP  9 SIP 13  WFRC SIP 18 SAB 18 SIP 12 SIP 16 SIP 14 - - - . - - -  2  2 
TRY  WFRC SIP 19 SAB  9 SIP 11 SIP  9 SIP 13  ASTM SIP 18 SAB 18 SIP 12 SIP 16 SIP 14 - - - . - - -  2  2 
TRY  ASTM SIP 19 SAB  9 SIP 11 SIP  9 SIP 13  ASTM SIP 18 SAB 18 SIP 12 SIP 16 SIP 14 - - - . - - -  2  2 
WTC  ASTM SIP 19 SAB  9 SIP 11 SIP  9 SIP 13  ASTM SIP 18 SAB 18 SIP 12 SIP 16 SIP 14 - - - . - - -  2  2 
WTC  ASTM SIP 19 SAB  9 SIP 11 SIP  9 SIP 13  ASTM SIP 18 SAB 18 SIP 12 DYB 16 SIP 14 - - - . - - -  2  2 
WTC  ASTM SIP 19 SAB  9 SIP 11 SIP  9 SIP 13  ASTM SIP 18 SAB 18 SIP 12 DYB 16 SIP 14 - - - . 4 - -  2  2 
WTC  ASTM SIP 19 SAB  9 SIP 11 SIP  9 DYB 13  ASTM SIP 18 SAB 18 SIP 12 DYB 16 SIP 14 - - - . 4 - -  2  2 
WTC  ASTM SIP 19 SAB  9 SIP 11 SIP  9 DYB 13  ASTM SIP 18 SAB 18 SIP 12 DYB 16 SIP 14 5 - - . 4 - -  2  2 
WTC  ASTM DYB 19 SAB  9 SIP 11 SIP  9 DYB 13  ASTM SIP 18 SAB 18 SIP 12 DYB 16 SIP 14 5 - - . 4 - -  2  2 
WTC  ASTM DYB 19 SAB  9 SIP 11 SIP  9 DYB 13  ASTM SIP 18 SAB 18 SIP 12 DYB 16 SIP 14 5 1 - . 4 - -  2  2 
WTC  ASTM DYB 19 SAB  9 SIP 11 DYB  9 DYB 13  ASTM SIP 18 SAB 18 SIP 12 DYB 16 SIP 14 5 1 - . 4 - -  2  2 
WTC  ASTM DYB 19 SAB  9 SIP 11 DYB  9 DYB 13  ASTM SIP 18 SAB 18 SIP 12 DYB 16 SIP 14 5 1 4 . 4 - -  2  2 
WTC  ASTM DYB 19 SAB  9 SIP 11 DYB  9 DYB 13  ASTM SIP 18 SAB 18 SIP 12 DYB 16 DYB 14 5 1 4 . 4 - -  2  2 
WTC  ASTM DYB 19 SAB  9 SIP 11 DYB  9 DYB 13  ASTM DYB 18 SAB 18 SIP 12 DYB 16 DYB 14 5 1 4 . 4 - -  2  2 
WTC  ASTM DYB 19 SAB  9 DYB 11 DYB  9 DYB 13  ASTM DYB 18 SAB 18 SIP 12 DYB 16 DYB 14 5 1 4 . 4 - -  2  2 
WTC  ASTM DYB 19 SAB  9 DYB 11 DYB  9 DYB 13  ASTM DYB 18 SAB 18 DYB 12 DYB 16 DYB 14 5 1 4 . 4 - -  2  2 
WTC  ASTM DYB 19 SAB  9 DYB 11 DYB  9 DYB 13  ASTM DYB 18 SAB 18 DYB 12 DYB 16 DYB 14 5 1 4 . 4 5 -  2  2 
WTC  ASTM DYB 19 SAB  9 DYB 11 DYB  9 DYB 13  ASTM DYB 18 SAB 18 DYB 12 DYB 16 DYB 14 5 1 4 . 4 5 3  2  2 
WTC  ASTM DYB 19 SAB  9 DYB 11 DYB  9 DYB 13  ASTM DYB 18 SAB 18 DYB 12 DYB 16 DYB 14 5 1 4 . 4 5 3  2  2 
WTC  ASTM DYB 19 SAB  9 DYB 11 DYB  9 DYB 13  ASTM DYB 18 SAB 18 DYB 12 DYB 16 DYB 14 5 1 4 . 4 5 3  2  2 
WTC  ASTM DYB 19 SAB  9 DYB 11 DYB  9 DYB 13  ASTM DYB 18 SAB 18 DYB 12 DYB 16 DYB 14 5 1 4 . 4 5 3  2  2 
WTC  ASTM DYB 19 SAB  9 DYB 11 DYB  9 DYB 13  ASTM DYB 18 SAB 18 DYB 12 DYB 16 DYB 14 5 1 4 . 4 5 -  2  2 
WTC  ASTM DYB 19 SAB  9 DYB 11 DYB  9 DYB 13  ASTM DYB 18 SAB 18 DYB 11 DYB 16 DYB 14 5 1 4 . 4 5 -  2  2 
WTC  ASTM DYB 19 SAB  9 DYB 11 DYB  9 DYB 13  ASTM DYB 18 SAB 18 SAB 11 DYB 16 DYB 14 5 1 4 . 4 5 -  2  2 
WTC  WFRC DYB 19 SAB  9 DYB 11 DYB  9 DYB 13  ASTM DYB 18 SAB 18 SAB 11 DYB 16 DYB 14 5 1 4 . 4 5 -  2  2 
WTC  WFRC DYB 19 SAB  9 DYB 11 DYB  9 DYB 13  ASTM DYB 17 SAB 18 SAB 11 DYB 16 DYB 14 5 1 4 . 4 5 -  2  2 
WTC  WFRC DYB 19 SAB  9 DYB 11 DYB  9 DYB 13  ASTM SAB 17 SAB 18 SAB 11 DYB 16 DYB 14 5 1 4 . 4 5 -  2  2 
WTC  WFRC DYB 19 SAB  9 DYB 11 DYB  9 DYB 13  ASTM SAB 17 SAB 18 SAB 11 DYB 16 DYB 14 5 1 4 . 5 - -  2  2 
WTC  WFRC DYB 19 SAB  9 DYB 11 DYB  9 DYB 13  ASTM SAB 17 SAB 18 SAB 11 DYB 16 DYB 14 1 4 3 . 5 - -  2  2 
WTC  WFRC DYB 19 SAB  9 DYB 11 DYB  9 DYB 12  ASTM SAB 17 SAB 18 SAB 11 DYB 16 DYB 14 1 4 3 . 5 - -  2  2 
WTC  WFRC DYB 19 SAB  9 DYB 11 DYB  9 SAB 12  ASTM SAB 17 SAB 18 SAB 11 DYB 16 DYB 14 1 4 3 . 5 - -  2  2 
WTC  WFRC DYB 19 SAB  9 DYB 11 DYB  9 SAB 12  ASTM SAB 17 SAB 18 SAB 11 DYB 16 DYB 14 4 3 - . 5 - -  2  2 
WTC  WFRC DYB 19 SAB  9 DYB 11 DYB  9 SAB 12  ASTM SAB 17 SAB 18 SAB 11 DYB 16 DYB 14 3 - - . 5 - -  2  2 
WTC  WFRC DYB 19 SAB  9 DYB 11 DYB  8 SAB 12  ASTM SAB 17 SAB 18 SAB 11 DYB 16 DYB 14 3 - - . 5 - -  2  2 
WTC  WFRC DYB 19 SAB  9 DYB 11 SAB  8 SAB 12  ASTM SAB 17 SAB 18 SAB 11 DYB 16 DYB 14 3 - - . 5 - -  2  2 
WTC  WFRC DYB 19 SAB  9 DYB 11 SAB  8 SAB 12  ASTM SAB 17 SAB 18 SAB 11 DYB 16 DYB 14 3 - - . - - -  2  2 
WTC  WFRC DYB 19 SAB  9 DYB 11 SAB  8 SAB 12  ASTM SAB 17 SAB 18 SAB 11 DYB 16 DYB 14 - - - . - - -  2  2 
WTC  WFRC DYB 19 SAB  9 DYB 10 SAB  8 SAB 12  ASTM SAB 17 SAB 18 SAB 11 DYB 16 DYB 14 - - - . - - -  2  2 
WTC  WFRC DYB 19 SAB  9 DYB 10 SAB  8 SAB 12  ASTM SAB 17 SAB 18 SAB 11 DYB 15 DYB 14 - - - . - - -  2  2 
WTC  WFRC DYB 19 SAB  9 DYB 10 SAB  8 SAB 12  ASTM SAB 17 SAB 18 SAB 11 SAB 15 DYB 14 - - - . - - -  2  2 
WTC  WFRC DYB 18 SAB  9 DYB 10 SAB  8 SAB 12  ASTM SAB 17 SAB 18 SAB 11 SAB 15 DYB 14 - - - . - - -  2  2 
WTC  WFRC SAB 18 SAB  9 DYB 10 SAB  8 SAB 12  ASTM SAB 17 SAB 18 SAB 11 SAB 15 DYB 14 - - - . - - -  2  2 
WTC  WFRC SAB 18 SAB  9 DYB 10 SAB  8 SAB 12  ASTM SAB 17 SAB 18 SAB 11 SAB 15 DYB 13 - - - . - - -  2  2 
WTC  WFRC SAB 18 SAB  9 DYB 10 SAB  8 SAB 12  ASTM SAB 17 SAB 18 SAB 11 SAB 15 SAB 13 - - - . - - -  2  2 
WTC  WFRC SAB 18 SAB  9 DYB 10 SAB  8 SAB 12  WFRC SAB 17 SAB 18 SAB 11 SAB 15 SAB 13 - - - . - - -  2  2 
WTC  WFRC SAB 18 SAB  9 SAB 10 SAB  8 SAB 12  WFRC SAB 17 SAB 18 SAB 11 SAB 15 SAB 13 - - - . - - -  2  2 
WTC  WFRC SAB 18 SAB  9 SAB 10 SAB  8 SAB 12  WFRC SAB 17 SAB 18 SAB 11 SAB 15 SAB 13 - - - . - - -  3  2 
WTC  WFRC SAB 18 SAB  9 SAB 10 SAB  8 SAB 12  WFRC SAB 17 SAB 18 SAB 11 SAB 15 SAB 13 - - - . - - -  3  3 
SOF  WFRC SAB 18 SAB  9 SAB 10 SAB  8 SAB 12  WFRC SAB 17 SAB 18 SAB 11 SAB 15 SAB 13 - - - . - - -  3  3 
TRY  WFRC SAB 18 SAB  9 SAB 10 SAB  8 SAB 12  WFRC SAB 17 SAB 18 SAB 11 SAB 15 SAB 13 - - - . - - -  3  3 
TRY  WFRC SAB 18 SAB  9 SIP 10 SAB  8 SAB 12  WFRC SAB 17 SAB 18 SAB 11 SAB 15 SAB 13 - - - . - - -  3  3 
TRY  WFRC SAB 18 SAB  9 SIP 10 SAB  8 SAB 12  WFRC SIP 17 SAB 18 SAB 11 SAB 15 SAB 13 - - - . - - -  3  3 
TRY  WFRC SAB 18 SAB  9 SIP 10 SAB  8 SAB 12  WFRC SIP 17 SIP 18 SAB 11 SAB 15 SAB 13 - - - . - - -  3  3 
TRY  WFRC SAB 18 SAB  9 SIP 10 SAB  8 SAB 12  WFRC SIP 17 SIP 18 SAB 11 SIP 15 SAB 13 - - - . - - -  3  3 
TRY  WFRC SAB 18 SIP  9 SIP 10 SAB  8 SAB 12  WFRC SIP 17 SIP 18 SAB 11 SIP 15 SAB 13 - - - . - - -  3  3 
TRY  WFRC SAB 18 SIP  9 SIP 10 SAB  8 SIP 12  WFRC SIP 17 SIP 18 SAB 11 SIP 15 SAB 13 - - - . - - -  3  3 
TRY  WFRC SAB 18 SIP  9 SIP 10 SIP  8 SIP 12  WFRC SIP 17 SIP 18 SAB 11 SIP 15 SAB 13 - - - . - - -  3  3 
TRY  WFRC SIP 18 SIP  9 SIP 10 SIP  8 SIP 12  WFRC SIP 17 SIP 18 SAB 11 SIP 15 SAB 13 - - - . - - -  3  3 
TRY  WFRC SIP 18 SIP  9 SIP 10 SIP  8 SIP 12  ASTM SIP 17 SIP 18 SAB 11 SIP 15 SAB 13 - - - . - - -  3  3 
TRY  WFRC SIP 18 SIP  9 SIP 10 SIP  8 SIP 12  ASTM SIP 17 SIP 18 SAB 11 SIP 15 SIP 13 - - - . - - -  3  3 
TRY  WFRC SIP 18 SIP  9 SIP 10 SIP  8 SIP 12  ASTM SIP 17 SIP 18 SAB 11 SIP 15 SAB 13 - - - . - - -  3  3 
TRY  WFRC SIP 18 SIP  9 SIP 10 SIP  8 SIP 12  ASTM SIP 17 SIP 18 SAB 11 SIP 15 SAB 14 - - - . - - -  3  3 
TRY  ASTM SIP 18 SIP  9 SIP 10 SIP  8 SIP 12  ASTM SIP 17 SIP 18 SAB 11 SIP 15 SAB 14 - - - . - - -  3  3 
TRY  ASTM SIP 18 SIP  9 SIP 10 SIP  8 SIP 12  ASTM SIP 17 SIP 18 SIP 11 SIP 15 SAB 14 - - - . - - -  3  3 
TRY  ASTM SIP 18 SIP  9 SAB 10 SIP  8 SIP 12  ASTM SIP 17 SIP 18 SIP 11 SIP 15 SAB 14 - - - . - - -  3  3 
TRY  ASTM SIP 18 SIP  9 SAB 11 SIP  8 SIP 12  ASTM SIP 17 SIP 18 SIP 11 SIP 15 SAB 14 - - - . - - -  3  3 
TRY  ASTM SIP 18 DYB  9 SAB 11 SIP  8 SIP 12  ASTM SIP 17 SIP 18 SIP 11 SIP 15 SAB 14 - - - . - - -  3  3 
TRY  ASTM SIP 18 DYB  9 SAB 11 SIP  8 SIP 12  ASTM SIP 17 SIP 18 SIP 11 SIP 15 SAB 14 2 - - . - - -  3  3 
TRY  ASTM SIP 18 DYB  9 SAB 11 SIP  8 SIP 12  ASTM SIP 17 SIP 18 SIP 11 DYB 15 SAB 14 2 - - . - - -  3  3 
TRY  ASTM SIP 18 DYB  9 SAB 11 SIP  8 SIP 12  ASTM SIP 17 SIP 18 SIP 11 DYB 15 SAB 14 2 - - . 4 - -  3  3 
TRY  ASTM SIP 18 DYB  9 SAB 11 SIP  8 SIP 12  ASTM SIP 17 SIP 18 DYB 11 DYB 15 SAB 14 2 - - . 4 - -  3  3 
TRY  ASTM SIP 18 DYB  9 SAB 11 SIP  8 SIP 12  ASTM SIP 17 DYB 18 DYB 11 DYB 15 SAB 14 2 - - . 4 - -  3  3 
TRY  ASTM SIP 18 DYB  9 SAB 11 SIP  8 SIP 12  ASTM SIP 17 DYB 18 DYB 11 DYB 15 SAB 14 2 - - . 4 2 -  3  3 
TRY  ASTM SIP 18 DYB  9 SAB 11 SIP  8 SIP 12  ASTM DYB 17 DYB 18 DYB 11 DYB 15 SAB 14 2 - - . 4 2 -  3  3 
WTC  ASTM SIP 18 DYB  9 SAB 11 SIP  8 SIP 12  ASTM DYB 17 DYB 18 DYB 11 DYB 15 SAB 14 2 - - . 4 2 -  3  3 
WTC  ASTM SIP 18 DYB  9 SAB 11 SIP  8 SIP 12  ASTM DYB 17 DYB 18 DYB 11 DYB 15 SAB 14 2 - - . 4 2 3  3  3 
WTC  ASTM DYB 18 DYB  9 SAB 11 SIP  8 SIP 12  ASTM DYB 17 DYB 18 DYB 11 DYB 15 SAB 14 2 - - . 4 2 3  3  3 
WTC  ASTM DYB 18 DYB  9 SAB 11 SIP  8 SIP 12  ASTM DYB 17 DYB 18 DYB 11 DYB 15 SAB 14 2 1 - . 4 2 3  3  3 
WTC  ASTM DYB 18 DYB  9 SAB 11 DYB  8 SIP 12  ASTM DYB 17 DYB 18 DYB 11 DYB 15 SAB 14 2 1 - . 4 2 3  3  3 
WTC  ASTM DYB 18 DYB  9 SAB 11 DYB  8 DYB 12  ASTM DYB 17 DYB 18 DYB 11 DYB 15 SAB 14 2 1 - . 4 2 3  3  3 
WTC  ASTM DYB 18 DYB  9 SAB 11 DYB  8 DYB 12  ASTM DYB 17 DYB 18 DYB 11 DYB 15 SAB 14 2 1 - . 4 2 3  3  3 
WTC  ASTM DYB 18 DYB  9 SAB 11 DYB  8 DYB 12  ASTM DYB 17 DYB 18 DYB 11 DYB 15 SAB 14 2 1 5 . 4 2 3  3  3 
WTC  ASTM DYB 18 DYB  9 SAB 11 DYB  8 DYB 12  ASTM DYB 17 DYB 18 DYB 11 DYB 15 SAB 14 2 1 5 . 4 2 3  3  3 
WTC  ASTM DYB 18 DYB  9 SAB 11 DYB  8 DYB 12  ASTM DYB 17 DYB 18 DYB 11 DYB 15 SAB 14 2 1 5 . 4 2 3  3  3 
WTC  ASTM DYB 18 DYB  9 SAB 11 DYB  8 DYB 12  ASTM DYB 17 DYB 18 DYB 11 DYB 15 SAB 14 2 1 5 . 2 3 1  3  3 
WTC  ASTM DYB 18 DYB  9 SAB 11 DYB  8 DYB 12  ASTM DYB 17 DYB 18 DYB 11 DYB 14 SAB 14 2 1 5 . 2 3 1  3  3 
WTC  ASTM DYB 18 DYB  9 SAB 11 DYB  8 DYB 12  ASTM DYB 17 DYB 18 DYB 11 SAB 14 SAB 14 2 1 5 . 2 3 1  3  3 
WTC  ASTM DYB 18 DYB  9 SAB 11 DYB  8 DYB 12  ASTM DYB 17 DYB 18 DYB 11 SAB 14 SAB 14 2 1 5 . 3 1 -  3  3 
WTC  ASTM DYB 18 DYB  9 SAB 11 DYB  8 DYB 12  ASTM DYB 17 DYB 18 DYB 11 SAB 14 SAB 14 2 1 5 . 1 - -  3  3 
WTC  ASTM DYB 18 DYB  9 SAB 11 DYB  8 DYB 12  ASTM DYB 17 DYB 18 DYB 10 SAB 14 SAB 14 2 1 5 . 1 - -  3  3 
WTC  ASTM DYB 18 DYB  9 SAB 11 DYB  8 DYB 12  ASTM DYB 17 DYB 18 SAB 10 SAB 14 SAB 14 2 1 5 . 1 - -  3  3 
WTC  ASTM DYB 18 DYB  9 SAB 11 DYB  8 DYB 12  ASTM DYB 17 DYB 18 SAB 10 SAB 14 SAB 14 2 5 - . 1 - -  3  3 
WTC  ASTM DYB 18 DYB  9 SAB 11 DYB  8 DYB 12  ASTM DYB 17 DYB 18 SAB 10 SAB 14 SAB 14 2 5 - . - - -  3  3 
WTC  ASTM DYB 18 DYB  9 SAB 11 DYB  8 DYB 12  ASTM DYB 16 DYB 18 SAB 10 SAB 14 SAB 14 2 5 - . - - -  3  3 
WTC  ASTM DYB 18 DYB  9 SAB 11 DYB  8 DYB 12  ASTM SAB 16 DYB 18 SAB 10 SAB 14 SAB 14 2 5 - . - - -  3  3 
WTC  ASTM DYB 18 DYB  9 SAB 11 DYB  8 DYB 12  ASTM SAB 16 DYB 18 SAB 10 SAB 14 SAB 14 2 - - . - - -  3  3 
WTC  WFRC DYB 18 DYB  9 SAB 11 DYB  8 DYB 12  ASTM SAB 16 DYB 18 SAB 10 SAB 14 SAB 14 2 - - . - - -  3  3 
WTC  WFRC DYB 18 DYB  9 SAB 11 DYB  8 DYB 12  ASTM SAB 16 DYB 18 SAB 10 SAB 14 SAB 14 - - - . - - -  3  3 
WTC  WFRC DYB 18 DYB  8 SAB 11 DYB  8 DYB 12  ASTM SAB 16 DYB 18 SAB 10 SAB 14 SAB 14 - - - . - - -  3  3 
WTC  WFRC DYB 18 SAB  8 SAB 11 DYB  8 DYB 12  ASTM SAB 16 DYB 18 SAB 10 SAB 14 SAB 14 - - - . - - -  3  3 
WTC  WFRC DYB 18 SAB  8 SAB 11 DYB  8 DYB 12  WFRC SAB 16 DYB 18 SAB 10 SAB 14 SAB 14 - - - . - - -  3  3 
WTC  WFRC DYB 18 SAB  8 SAB 11 DYB  7 DYB 12  WFRC SAB 16 DYB 18 SAB 10 SAB 14 SAB 14 - - - . - - -  3  3 
WTC  WFRC DYB 18 SAB  8 SAB 11 SAB  7 DYB 12  WFRC SAB 16 DYB 18 SAB 10 SAB 14 SAB 14 - - - . - - -  3  3 
WTC  WFRC DYB 18 SAB  8 SAB 11 SAB  7 DYB 12  WFRC SAB 16 DYB 17 SAB 10 SAB 14 SAB 14 - - - . - - -  3  3 
WTC  WFRC DYB 18 SAB  8 SAB 11 SAB  7 DYB 12  WFRC SAB 16 SAB 17 SAB 10 SAB 14 SAB 14 - - - . - - -  3  3 
WTC  WFRC DYB 17 SAB  8 SAB 11 SAB  7 DYB 12  WFRC SAB 16 SAB 17 SAB 10 SAB 14 SAB 14 - - - . - - -  3  3 
WTC  WFRC SAB 17 SAB  8 SAB 11 SAB  7 DYB 12  WFRC SAB 16 SAB 17 SAB 10 SAB 14 SAB 14 - - - . - - -  3  3 
WTC  WFRC SAB 17 SAB  8 SAB 11 SAB  7 DYB 11  WFRC SAB 16 SAB 17 SAB 10 SAB 14 SAB 14 - - - . - - -  3  3 
WTC  WFRC SAB 17 SAB  8 SAB 11 SAB  7 SAB 11  WFRC SAB 16 SAB 17 SAB 10 SAB 14 SAB 14 - - - . - - -  3  3 
WTC  WFRC SAB 17 SAB  8 SAB 11 SAB  7 SAB 11  WFRC SAB 16 SAB 17 SAB 10 SAB 14 SAB 14 - - - . - - -  4  3 
WTC  WFRC SAB 17 SAB  8 SAB 11 SAB  7 SAB 11  WFRC SAB 16 SAB 17 SAB 10 SAB 14 SAB 14 - - - . - - -  4  4 
Game 1 was won by team B by knock out in 4 trials.
4Game 1 was won by team B by points.
EOG  WFRC SAB 17 SAB  8 SAB 11 SAB  7 SAB 11  WFRC SAB 16 SAB 17 SAB 10 SAB 14 SAB 14 - - - . - - -  4  4 
SOM  WFRC SAB 17 SAB  8 SAB 11 SAB  7 SAB 11  WFRC SAB 16 SAB 17 SAB 10 SAB 14 SAB 14 - - - . - - -  4  4 
Game 2
Ref Coa 1 Cont 1 Cont 2 Cont 3 Cont 4 Cont 5 Coa 2 Cont 1 Cont 2 Cont 3 Cont 4 Cont 5              Trial 
Sta  Stat Sta SG Sta SG Sta SG Sta SG Sta SG  Stat Sta SG Sta SG Sta SG Sta SG Sta SG 3 2 1 . 1 2 3 NB PS 
SOM  WFRC SAB 17 SAB  8 SAB 11 SAB  7 SAB 11  WFRC SAB 16 SAB 17 SAB 10 SAB 14 SAB 14 - - - . - - -  0  0 
SOM  WFRC SAB 17 SAB  8 SAB 11 SAB  7 SAB 11  WFRC SAB 16 SAB 17 SAB 10 SAB 14 SAB 14 - - - . - - -  1  0 
TRY  WFRC SAB 17 SAB  8 SAB 11 SAB  7 SAB 11  WFRC SAB 16 SAB 17 SAB 10 SAB 14 SAB 14 - - - . - - -  1  0 
TRY  WFRC SAB 17 SAB  8 SAB 11 SAB  7 SAB 11  ASTM SAB 16 SAB 17 SAB 10 SAB 14 SAB 14 - - - . - - -  1  0 
TRY  WFRC SAB 17 SAB  8 SIP 11 SAB  7 SAB 11  ASTM SAB 16 SAB 17 SAB 10 SAB 14 SAB 14 - - - . - - -  1  0 
TRY  WFRC SAB 17 SAB  8 SAB 11 SAB  7 SAB 11  ASTM SAB 16 SAB 17 SAB 10 SAB 14 SAB 14 - - - . - - -  1  0 
TRY  WFRC SAB 17 SAB  8 SAB 12 SAB  7 SAB 11  ASTM SAB 16 SAB 17 SAB 10 SAB 14 SAB 14 - - - . - - -  1  0 
TRY  WFRC SAB 17 SAB  8 SAB 12 SIP  7 SAB 11  ASTM SAB 16 SAB 17 SAB 10 SAB 14 SAB 14 - - - . - - -  1  0 
TRY  WFRC SAB 17 SAB  8 SAB 12 SIP  7 SAB 11  ASTM SAB 16 SAB 17 SAB 10 SIP 14 SAB 14 - - - . - - -  1  0 
TRY  WFRC SAB 17 SAB  8 SAB 12 SIP  7 SAB 11  ASTM SAB 16 SIP 17 SAB 10 SIP 14 SAB 14 - - - . - - -  1  0 
TRY  WFRC SAB 17 SAB  8 SAB 12 SIP  7 SAB 11  ASTM SAB 16 SIP 17 SIP 10 SIP 14 SAB 14 - - - . - - -  1  0 
TRY  WFRC SIP 17 SAB  8 SAB 12 SIP  7 SAB 11  ASTM SAB 16 SIP 17 SIP 10 SIP 14 SAB 14 - - - . - - -  1  0 
TRY  WFRC SIP 17 SAB  8 SAB 12 SIP  7 SAB 11  ASTM SIP 16 SIP 17 SIP 10 SIP 14 SAB 14 - - - . - - -  1  0 
TRY  WFRC SIP 17 SAB  8 SAB 12 SIP  7 SIP 11  ASTM SIP 16 SIP 17 SIP 10 SIP 14 SAB 14 - - - . - - -  1  0 
TRY  ASTM SIP 17 SAB  8 SAB 12 SIP  7 SIP 11  ASTM SIP 16 SIP 17 SIP 10 SIP 14 SAB 14 - - - . - - -  1  0 
TRY  ASTM SIP 17 SAB  8 SAB 12 SIP  7 SIP 11  ASTM SIP 16 SIP 17 SIP 10 SIP 14 SIP 14 - - - . - - -  1  0 
TRY  ASTM SIP 17 SAB  8 SAB 12 SIP  7 SIP 11  ASTM SIP 16 SIP 17 SIP 10 SIP 14 SAB 14 - - - . - - -  1  0 
TRY  ASTM SIP 17 SAB  8 SAB 12 SIP  7 SIP 11  ASTM SIP 16 SIP 17 SIP 10 SIP 14 SAB 15 - - - . - - -  1  0 
TRY  ASTM SIP 17 SIP  8 SAB 12 SIP  7 SIP 11  ASTM SIP 16 SIP 17 SIP 10 SIP 14 SAB 15 - - - . - - -  1  0 
TRY  ASTM SIP 17 DYB  8 SAB 12 SIP  7 SIP 11  ASTM SIP 16 SIP 17 SIP 10 SIP 14 SAB 15 - - - . - - -  1  0 
TRY  ASTM SIP 17 DYB  8 SAB 12 SIP  7 SIP 11  ASTM SIP 16 SIP 17 SIP 10 SIP 14 SAB 15 2 - - . - - -  1  0 
TRY  ASTM SIP 17 DYB  8 SAB 12 SIP  7 DYB 11  ASTM SIP 16 SIP 17 SIP 10 SIP 14 SAB 15 2 - - . - - -  1  0 
TRY  ASTM SIP 17 DYB  8 SAB 12 SIP  7 DYB 11  ASTM SIP 16 SIP 17 SIP 10 SIP 14 SAB 15 2 5 - . - - -  1  0 
TRY  ASTM SIP 17 DYB  8 SAB 12 SIP  7 DYB 11  ASTM DYB 16 SIP 17 SIP 10 SIP 14 SAB 15 2 5 - . - - -  1  0 
TRY  ASTM SIP 17 DYB  8 SAB 12 SIP  7 DYB 11  ASTM DYB 16 SIP 17 SIP 10 SIP 14 SAB 15 2 5 - . 1 - -  1  0 
TRY  ASTM DYB 17 DYB  8 SAB 12 SIP  7 DYB 11  ASTM DYB 16 SIP 17 SIP 10 SIP 14 SAB 15 2 5 - . 1 - -  1  0 
TRY  ASTM DYB 17 DYB  8 SAB 12 SIP  7 DYB 11  ASTM DYB 16 SIP 17 SIP 10 SIP 14 SAB 15 2 5 1 . 1 - -  1  0 
TRY  ASTM DYB 17 DYB  8 SAB 12 SIP  7 DYB 11  ASTM DYB 16 SIP 17 DYB 10 SIP 14 SAB 15 2 5 1 . 1 - -  1  0 
TRY  ASTM DYB 17 DYB  8 SAB 12 SIP  7 DYB 11  ASTM DYB 16 SIP 17 DYB 10 SIP 14 SAB 15 2 5 1 . 1 3 -  1  0 
TRY  ASTM DYB 17 DYB  8 SAB 12 SIP  7 DYB 11  ASTM DYB 16 DYB 17 DYB 10 SIP 14 SAB 15 2 5 1 . 1 3 -  1  0 
TRY  ASTM DYB 17 DYB  8 SAB 12 SIP  7 DYB 11  ASTM DYB 16 DYB 17 DYB 10 SIP 14 SAB 15 2 5 1 . 1 3 2  1  0 
TRY  ASTM DYB 17 DYB  8 SAB 12 SIP  7 DYB 11  ASTM DYB 16 DYB 17 DYB 10 DYB 14 SAB 15 2 5 1 . 1 3 2  1  0 
TRY  ASTM DYB 17 DYB  8 SAB 12 SIP  7 DYB 11  ASTM DYB 16 DYB 17 DYB 10 DYB 14 SAB 15 2 5 1 . 1 3 2  1  0 
TRY  ASTM DYB 17 DYB  8 SAB 12 DYB  7 DYB 11  ASTM DYB 16 DYB 17 DYB 10 DYB 14 SAB 15 2 5 1 . 1 3 2  1  0 
TRY  ASTM DYB 17 DYB  8 SAB 12 DYB  7 DYB 11  ASTM DYB 16 DYB 17 DYB 10 DYB 14 SAB 15 2 5 1 . 1 3 2  1  0 
TRY  ASTM DYB 17 DYB  8 SAB 12 DYB  7 DYB 11  ASTM DYB 16 DYB 17 DYB 10 DYB 14 SAB 15 2 5 1 . 1 3 2  1  0 
WTC  ASTM DYB 17 DYB  8 SAB 12 DYB  7 DYB 11  ASTM DYB 16 DYB 17 DYB 10 DYB 14 SAB 15 2 5 1 . 1 3 2  1  0 
WTC  ASTM DYB 17 DYB  8 SAB 12 DYB  7 DYB 11  ASTM DYB 16 DYB 17 DYB 10 DYB 14 SAB 15 2 5 1 . 1 3 2  1  0 
WTC  ASTM DYB 17 DYB  8 SAB 12 DYB  7 DYB 11  ASTM DYB 16 DYB 17 DYB 10 DYB 13 SAB 15 2 5 1 . 1 3 2  1  0 
WTC  ASTM DYB 17 DYB  8 SAB 12 DYB  7 DYB 11  ASTM DYB 16 DYB 17 DYB 10 SAB 13 SAB 15 2 5 1 . 1 3 2  1  0 
WTC  ASTM DYB 17 DYB  8 SAB 12 DYB  7 DYB 11  ASTM DYB 16 DYB 17 DYB 10 SAB 13 SAB 15 2 5 1 . 1 3 -  1  0 
WTC  ASTM DYB 17 DYB  8 SAB 12 DYB  7 DYB 11  ASTM DYB 16 DYB 17 DYB 10 SAB 13 SAB 15 2 5 1 . 1 - -  1  0 
WTC  ASTM DYB 17 DYB  8 SAB 12 DYB  7 DYB 11  ASTM DYB 16 DYB 17 DYB  9 SAB 13 SAB 15 2 5 1 . 1 - -  1  0 
WTC  ASTM DYB 17 DYB  8 SAB 12 DYB  7 DYB 11  ASTM DYB 16 DYB 17 SAB  9 SAB 13 SAB 15 2 5 1 . 1 - -  1  0 
WTC  ASTM DYB 17 DYB  8 SAB 12 DYB  7 DYB 11  ASTM DYB 16 DYB 17 SAB  9 SAB 13 SAB 15 2 5 - . 1 - -  1  0 
WTC  ASTM DYB 17 DYB  8 SAB 12 DYB  7 DYB 11  ASTM DYB 16 DYB 17 SAB  9 SAB 13 SAB 15 2 5 - . - - -  1  0 
WTC  ASTM DYB 17 DYB  8 SAB 12 DYB  7 DYB 11  ASTM DYB 15 DYB 17 SAB  9 SAB 13 SAB 15 2 5 - . - - -  1  0 
WTC  ASTM DYB 17 DYB  8 SAB 12 DYB  7 DYB 11  ASTM SAB 15 DYB 17 SAB  9 SAB 13 SAB 15 2 5 - . - - -  1  0 
WTC  WFRC DYB 17 DYB  8 SAB 12 DYB  7 DYB 11  ASTM SAB 15 DYB 17 SAB  9 SAB 13 SAB 15 2 5 - . - - -  1  0 
WTC  WFRC DYB 17 DYB  8 SAB 12 DYB  7 DYB 11  ASTM SAB 15 DYB 17 SAB  9 SAB 13 SAB 15 2 - - . - - -  1  0 
WTC  WFRC DYB 17 DYB  8 SAB 12 DYB  7 DYB 11  ASTM SAB 15 DYB 17 SAB  9 SAB 13 SAB 15 - - - . - - -  1  0 
WTC  WFRC DYB 17 DYB  7 SAB 12 DYB  7 DYB 11  ASTM SAB 15 DYB 17 SAB  9 SAB 13 SAB 15 - - - . - - -  1  0 
WTC  WFRC DYB 17 SAB  7 SAB 12 DYB  7 DYB 11  ASTM SAB 15 DYB 17 SAB  9 SAB 13 SAB 15 - - - . - - -  1  0 
WTC  WFRC DYB 17 SAB  7 SAB 12 DYB  7 DYB 11  WFRC SAB 15 DYB 17 SAB  9 SAB 13 SAB 15 - - - . - - -  1  0 
WTC  WFRC DYB 16 SAB  7 SAB 12 DYB  7 DYB 11  WFRC SAB 15 DYB 17 SAB  9 SAB 13 SAB 15 - - - . - - -  1  0 
WTC  WFRC SAB 16 SAB  7 SAB 12 DYB  7 DYB 11  WFRC SAB 15 DYB 17 SAB  9 SAB 13 SAB 15 - - - . - - -  1  0 
WTC  WFRC SAB 16 SAB  7 SAB 12 DYB  6 DYB 11  WFRC SAB 15 DYB 17 SAB  9 SAB 13 SAB 15 - - - . - - -  1  0 
WTC  WFRC SAB 16 SAB  7 SAB 12 SAB  6 DYB 11  WFRC SAB 15 DYB 17 SAB  9 SAB 13 SAB 15 - - - . - - -  1  0 
WTC  WFRC SAB 16 SAB  7 SAB 12 SAB  6 DYB 11  WFRC SAB 15 DYB 16 SAB  9 SAB 13 SAB 15 - - - . - - -  1  0 
WTC  WFRC SAB 16 SAB  7 SAB 12 SAB  6 DYB 11  WFRC SAB 15 SAB 16 SAB  9 SAB 13 SAB 15 - - - . - - -  1  0 
WTC  WFRC SAB 16 SAB  7 SAB 12 SAB  6 DYB 10  WFRC SAB 15 SAB 16 SAB  9 SAB 13 SAB 15 - - - . - - -  1  0 
WTC  WFRC SAB 16 SAB  7 SAB 12 SAB  6 SAB 10  WFRC SAB 15 SAB 16 SAB  9 SAB 13 SAB 15 - - - . - - -  1  0 
WTC  WFRC SAB 16 SAB  7 SAB 12 SAB  6 SAB 10  WFRC SAB 15 SAB 16 SAB  9 SAB 13 SAB 15 - - - . - - -  1  0 
WTC  WFRC SAB 16 SAB  7 SAB 12 SAB  6 SAB 10  WFRC SAB 15 SAB 16 SAB  9 SAB 13 SAB 15 - - - . - - -  1  1 
SOF  WFRC SAB 16 SAB  7 SAB 12 SAB  6 SAB 10  WFRC SAB 15 SAB 16 SAB  9 SAB 13 SAB 15 - - - . - - -  1  1 
TRY  WFRC SAB 16 SAB  7 SAB 12 SAB  6 SAB 10  WFRC SAB 15 SAB 16 SAB  9 SAB 13 SAB 15 - - - . - - -  1  1 
TRY  WFRC SAB 16 SAB  7 SAB 12 SAB  6 SAB 10  WFRC SAB 15 SIP 16 SAB  9 SAB 13 SAB 15 - - - . - - -  1  1 
TRY  WFRC SAB 16 SAB  7 SAB 12 SAB  6 SAB 10  WFRC SIP 15 SIP 16 SAB  9 SAB 13 SAB 15 - - - . - - -  1  1 
TRY  WFRC SAB 16 SAB  7 SAB 12 SAB  6 SAB 10  WFRC SAB 15 SIP 16 SAB  9 SAB 13 SAB 15 - - - . - - -  1  1 
TRY  WFRC SAB 16 SAB  7 SAB 12 SAB  6 SAB 10  WFRC SAB 16 SIP 16 SAB  9 SAB 13 SAB 15 - - - . - - -  1  1 
TRY  WFRC SAB 16 SAB  7 SAB 12 SAB  6 SAB 10  ASTM SAB 16 SIP 16 SAB  9 SAB 13 SAB 15 - - - . - - -  1  1 
TRY  WFRC SIP 16 SAB  7 SAB 12 SAB  6 SAB 10  ASTM SAB 16 SIP 16 SAB  9 SAB 13 SAB 15 - - - . - - -  1  1 
TRY  WFRC SIP 16 SAB  7 SAB 12 SAB  6 SAB 10  ASTM SAB 16 SIP 16 SAB  9 SAB 13 SIP 15 - - - . - - -  1  1 
TRY  WFRC SIP 16 SAB  7 SAB 12 SAB  6 SAB 10  ASTM SAB 16 SIP 16 SIP  9 SAB 13 SIP 15 - - - . - - -  1  1 
TRY  WFRC SIP 16 SAB  7 SAB 12 SIP  6 SAB 10  ASTM SAB 16 SIP 16 SIP  9 SAB 13 SIP 15 - - - . - - -  1  1 
TRY  WFRC SIP 16 SAB  7 SAB 12 SIP  6 SAB 10  ASTM SAB 16 SIP 16 SIP  9 SIP 13 SIP 15 - - - . - - -  1  1 
TRY  WFRC SIP 16 SAB  7 SAB 12 SAB  6 SAB 10  ASTM SAB 16 SIP 16 SIP  9 SIP 13 SIP 15 - - - . - - -  1  1 
TRY  WFRC SIP 16 SAB  7 SAB 12 SAB  7 SAB 10  ASTM SAB 16 SIP 16 SIP  9 SIP 13 SIP 15 - - - . - - -  1  1 
TRY  ASTM SIP 16 SAB  7 SAB 12 SAB  7 SAB 10  ASTM SAB 16 SIP 16 SIP  9 SIP 13 SIP 15 - - - . - - -  1  1 
TRY  ASTM SIP 16 SAB  7 SAB 12 SAB  7 SIP 10  ASTM SAB 16 SIP 16 SIP  9 SIP 13 SIP 15 - - - . - - -  1  1 
WTC  ASTM SIP 16 SAB  7 SAB 12 SAB  7 SIP 10  ASTM SAB 16 SIP 16 SIP  9 SIP 13 SIP 15 - - - . - - -  1  1 
WTC  ASTM DYB 16 SAB  7 SAB 12 SAB  7 SIP 10  ASTM SAB 16 SIP 16 SIP  9 SIP 13 SIP 15 - - - . - - -  1  1 
WTC  ASTM DYB 16 SAB  7 SAB 12 SAB  7 SIP 10  ASTM SAB 16 SIP 16 SIP  9 SIP 13 SIP 15 1 - - . - - -  1  1 
WTC  ASTM DYB 16 SAB  7 SIP 12 SAB  7 SIP 10  ASTM SAB 16 SIP 16 SIP  9 SIP 13 SIP 15 1 - - . - - -  1  1 
WTC  ASTM DYB 16 SIP  7 SIP 12 SAB  7 SIP 10  ASTM SAB 16 SIP 16 SIP  9 SIP 13 SIP 15 1 - - . - - -  1  1 
WTC  ASTM DYB 16 DYB  7 SIP 12 SAB  7 SIP 10  ASTM SAB 16 SIP 16 SIP  9 SIP 13 SIP 15 1 - - . - - -  1  1 
WTC  ASTM DYB 16 DYB  7 SIP 12 SAB  7 SIP 10  ASTM SAB 16 SIP 16 SIP  9 SIP 13 SIP 15 1 2 - . - - -  1  1 
WTC  ASTM DYB 16 DYB  7 SIP 12 SAB  7 SIP 10  ASTM SAB 16 SIP 16 SIP  9 DYB 13 SIP 15 1 2 - . - - -  1  1 
WTC  ASTM DYB 16 DYB  7 SIP 12 SAB  7 SIP 10  ASTM SAB 16 SIP 16 SIP  9 DYB 13 SIP 15 1 2 - . 4 - -  1  1 
WTC  ASTM DYB 16 DYB  7 SIP 12 SAB  7 SIP 10  ASTM SAB 16 SIP 16 DYB  9 DYB 13 SIP 15 1 2 - . 4 - -  1  1 
WTC  ASTM DYB 16 DYB  7 SIP 12 SAB  7 SIP 10  ASTM SAB 16 SIP 16 DYB  9 DYB 13 SIP 15 1 2 - . 4 3 -  1  1 
WTC  ASTM DYB 16 DYB  7 SIP 12 SAB  7 SIP 10  ASTM SAB 16 SIP 16 DYB  9 DYB 13 DYB 15 1 2 - . 4 3 -  1  1 
WTC  ASTM DYB 16 DYB  7 SIP 12 SAB  7 SIP 10  ASTM SAB 16 SIP 16 DYB  9 DYB 13 DYB 15 1 2 - . 4 3 5  1  1 
WTC  ASTM DYB 16 DYB  7 SIP 12 SAB  7 SIP 10  ASTM SAB 16 DYB 16 DYB  9 DYB 13 DYB 15 1 2 - . 4 3 5  1  1 
WTC  ASTM DYB 16 DYB  7 SIP 12 SAB  7 SIP 10  ASTM SAB 16 DYB 16 DYB  9 DYB 13 DYB 15 1 2 - . 4 3 5  1  1 
WTC  ASTM DYB 16 DYB  7 SIP 12 SAB  7 DYB 10  ASTM SAB 16 DYB 16 DYB  9 DYB 13 DYB 15 1 2 - . 4 3 5  1  1 
WTC  ASTM DYB 16 DYB  7 SIP 12 SAB  7 DYB 10  ASTM SAB 16 DYB 16 DYB  9 DYB 13 DYB 15 1 2 5 . 4 3 5  1  1 
WTC  ASTM DYB 16 DYB  7 DYB 12 SAB  7 DYB 10  ASTM SAB 16 DYB 16 DYB  9 DYB 13 DYB 15 1 2 5 . 4 3 5  1  1 
WTC  ASTM DYB 16 DYB  7 DYB 12 SAB  7 DYB 10  ASTM SAB 16 DYB 16 DYB  9 DYB 13 DYB 15 1 2 5 . 4 3 5  1  1 
WTC  ASTM DYB 16 DYB  7 DYB 12 SAB  7 DYB 10  ASTM SAB 16 DYB 16 DYB  9 DYB 13 DYB 15 1 2 5 . 4 3 5  1  1 
WTC  ASTM DYB 16 DYB  7 DYB 12 SAB  7 DYB 10  ASTM SAB 16 DYB 16 DYB  9 DYB 13 DYB 15 1 2 5 . 4 3 2  1  1 
WTC  ASTM DYB 16 DYB  7 DYB 12 SAB  7 DYB 10  ASTM SAB 16 DYB 16 DYB  9 DYB 13 DYB 14 1 2 5 . 4 3 2  1  1 
WTC  ASTM DYB 16 DYB  7 DYB 12 SAB  7 DYB 10  ASTM SAB 16 DYB 16 DYB  9 DYB 13 SAB 14 1 2 5 . 4 3 2  1  1 
WTC  ASTM DYB 16 DYB  7 DYB 12 SAB  7 DYB 10  ASTM SAB 16 DYB 16 DYB  9 DYB 13 SAB 14 1 2 5 . 4 3 -  1  1 
WTC  ASTM DYB 16 DYB  7 DYB 12 SAB  7 DYB 10  ASTM SAB 16 DYB 16 DYB  9 DYB 13 SAB 14 1 2 - . 4 3 -  1  1 
WTC  ASTM DYB 16 DYB  7 DYB 12 SAB  7 DYB  9  ASTM SAB 16 DYB 16 DYB  9 DYB 13 SAB 14 1 2 - . 4 3 -  1  1 
WTC  ASTM DYB 16 DYB  7 DYB 12 SAB  7 SAB  9  ASTM SAB 16 DYB 16 DYB  9 DYB 13 SAB 14 1 2 - . 4 3 -  1  1 
WTC  ASTM DYB 16 DYB  7 DYB 12 SAB  7 SAB  9  ASTM SAB 16 DYB 15 DYB  9 DYB 13 SAB 14 1 2 - . 4 3 -  1  1 
WTC  ASTM DYB 16 DYB  7 DYB 12 SAB  7 SAB  9  ASTM SAB 16 SAB 15 DYB  9 DYB 13 SAB 14 1 2 - . 4 3 -  1  1 
WTC  WFRC DYB 16 DYB  7 DYB 12 SAB  7 SAB  9  ASTM SAB 16 SAB 15 DYB  9 DYB 13 SAB 14 1 2 - . 4 3 -  1  1 
WTC  WFRC DYB 16 DYB  7 DYB 11 SAB  7 SAB  9  ASTM SAB 16 SAB 15 DYB  9 DYB 13 SAB 14 1 2 - . 4 3 -  1  1 
WTC  WFRC DYB 16 DYB  7 SAB 11 SAB  7 SAB  9  ASTM SAB 16 SAB 15 DYB  9 DYB 13 SAB 14 1 2 - . 4 3 -  1  1 
WTC  WFRC DYB 16 DYB  7 SAB 11 SAB  7 SAB  9  ASTM SAB 16 SAB 15 DYB  9 DYB 13 SAB 14 2 - - . 4 3 -  1  1 
WTC  WFRC DYB 16 DYB  7 SAB 11 SAB  7 SAB  9  ASTM SAB 16 SAB 15 DYB  9 DYB 13 SAB 14 - - - . 4 3 -  1  1 
WTC  WFRC DYB 16 DYB  6 SAB 11 SAB  7 SAB  9  ASTM SAB 16 SAB 15 DYB  9 DYB 13 SAB 14 - - - . 4 3 -  1  1 
WTC  WFRC DYB 16 SAB  6 SAB 11 SAB  7 SAB  9  ASTM SAB 16 SAB 15 DYB  9 DYB 13 SAB 14 - - - . 4 3 -  1  1 
WTC  WFRC DYB 16 SAB  6 SAB 11 SAB  7 SAB  9  ASTM SAB 16 SAB 15 DYB  9 DYB 13 SAB 14 - - - . 3 - -  1  1 
WTC  WFRC DYB 16 SAB  6 SAB 11 SAB  7 SAB  9  ASTM SAB 16 SAB 15 DYB  9 DYB 13 SAB 14 - - - . - - -  1  1 
WTC  WFRC DYB 16 SAB  6 SAB 11 SAB  7 SAB  9  ASTM SAB 16 SAB 15 DYB  8 DYB 13 SAB 14 - - - . - - -  1  1 
WTC  WFRC DYB 16 SAB  6 SAB 11 SAB  7 SAB  9  ASTM SAB 16 SAB 15 SAB  8 DYB 13 SAB 14 - - - . - - -  1  1 
WTC  WFRC DYB 15 SAB  6 SAB 11 SAB  7 SAB  9  ASTM SAB 16 SAB 15 SAB  8 DYB 13 SAB 14 - - - . - - -  1  1 
WTC  WFRC SAB 15 SAB  6 SAB 11 SAB  7 SAB  9  ASTM SAB 16 SAB 15 SAB  8 DYB 13 SAB 14 - - - . - - -  1  1 
WTC  WFRC SAB 15 SAB  6 SAB 11 SAB  7 SAB  9  ASTM SAB 16 SAB 15 SAB  8 DYB 12 SAB 14 - - - . - - -  1  1 
WTC  WFRC SAB 15 SAB  6 SAB 11 SAB  7 SAB  9  ASTM SAB 16 SAB 15 SAB  8 SAB 12 SAB 14 - - - . - - -  1  1 
WTC  WFRC SAB 15 SAB  6 SAB 11 SAB  7 SAB  9  WFRC SAB 16 SAB 15 SAB  8 SAB 12 SAB 14 - - - . - - -  1  1 
WTC  WFRC SAB 15 SAB  6 SAB 11 SAB  7 SAB  9  WFRC SAB 16 SAB 15 SAB  8 SAB 12 SAB 14 - - - . - - -  2  1 
WTC  WFRC SAB 15 SAB  6 SAB 11 SAB  7 SAB  9  WFRC SAB 16 SAB 15 SAB  8 SAB 12 SAB 14 - - - . - - -  2  2 
SOF  WFRC SAB 15 SAB  6 SAB 11 SAB  7 SAB  9  WFRC SAB 16 SAB 15 SAB  8 SAB 12 SAB 14 - - - . - - -  2  2 
TRY  WFRC SAB 15 SAB  6 SAB 11 SAB  7 SAB  9  WFRC SAB 16 SAB 15 SAB  8 SAB 12 SAB 14 - - - . - - -  2  2 
TRY  WFRC SAB 15 SAB  6 SAB 11 SAB  7 SAB  9  WFRC SAB 16 SAB 15 SAB  8 SAB 12 SIP 14 - - - . - - -  2  2 
TRY  WFRC SAB 15 SAB  6 SAB 11 SAB  7 SIP  9  WFRC SAB 16 SAB 15 SAB  8 SAB 12 SIP 14 - - - . - - -  2  2 
TRY  WFRC SAB 15 SAB  6 SAB 11 SIP  7 SIP  9  WFRC SAB 16 SAB 15 SAB  8 SAB 12 SIP 14 - - - . - - -  2  2 
TRY  WFRC SAB 15 SAB  6 SIP 11 SIP  7 SIP  9  WFRC SAB 16 SAB 15 SAB  8 SAB 12 SIP 14 - - - . - - -  2  2 
TRY  ASTM SAB 15 SAB  6 SIP 11 SIP  7 SIP  9  WFRC SAB 16 SAB 15 SAB  8 SAB 12 SIP 14 - - - . - - -  2  2 
TRY  ASTM SIP 15 SAB  6 SIP 11 SIP  7 SIP  9  WFRC SAB 16 SAB 15 SAB  8 SAB 12 SIP 14 - - - . - - -  2  2 
TRY  ASTM SAB 15 SAB  6 SIP 11 SIP  7 SIP  9  WFRC SAB 16 SAB 15 SAB  8 SAB 12 SIP 14 - - - . - - -  2  2 
TRY  ASTM SAB 16 SAB  6 SIP 11 SIP  7 SIP  9  WFRC SAB 16 SAB 15 SAB  8 SAB 12 SIP 14 - - - . - - -  2  2 
TRY  ASTM SAB 16 SAB  6 SIP 11 SIP  7 SIP  9  WFRC SAB 16 SIP 15 SAB  8 SAB 12 SIP 14 - - - . - - -  2  2 
TRY  ASTM SAB 16 SAB  6 SIP 11 SIP  7 SIP  9  ASTM SAB 16 SIP 15 SAB  8 SAB 12 SIP 14 - - - . - - -  2  2 
TRY  ASTM SAB 16 SAB  6 SIP 11 SIP  7 SIP  9  ASTM SAB 16 SIP 15 SAB  8 SIP 12 SIP 14 - - - . - - -  2  2 
TRY  ASTM SAB 16 SAB  6 SIP 11 SIP  7 SIP  9  ASTM SAB 16 SIP 15 SAB  8 SAB 12 SIP 14 - - - . - - -  2  2 
TRY  ASTM SAB 16 SAB  6 SIP 11 SIP  7 SIP  9  ASTM SAB 16 SIP 15 SAB  8 SAB 13 SIP 14 - - - . - - -  2  2 
TRY  ASTM SAB 16 SAB  6 SIP 11 SIP  7 SIP  9  ASTM SAB 16 SIP 15 SIP  8 SAB 13 SIP 14 - - - . - - -  2  2 
TRY  ASTM SAB 16 SAB  6 SIP 11 SIP  7 SIP  9  ASTM SAB 16 SIP 15 DYB  8 SAB 13 SIP 14 - - - . - - -  2  2 
TRY  ASTM SAB 16 SAB  6 SIP 11 SIP  7 SIP  9  ASTM SAB 16 SIP 15 DYB  8 SAB 13 SIP 14 - - - . 3 - -  2  2 
TRY  ASTM SAB 16 SIP  6 SIP 11 SIP  7 SIP  9  ASTM SAB 16 SIP 15 DYB  8 SAB 13 SIP 14 - - - . 3 - -  2  2 
TRY  ASTM SAB 16 SIP  6 SIP 11 SIP  7 SIP  9  ASTM SIP 16 SIP 15 DYB  8 SAB 13 SIP 14 - - - . 3 - -  2  2 
TRY  ASTM SAB 16 SIP  6 SIP 11 SIP  7 SIP  9  ASTM DYB 16 SIP 15 DYB  8 SAB 13 SIP 14 - - - . 3 - -  2  2 
TRY  ASTM SAB 16 SIP  6 SIP 11 SIP  7 SIP  9  ASTM DYB 16 SIP 15 DYB  8 SAB 13 SIP 14 - - - . 3 1 -  2  2 
TRY  ASTM SAB 16 DYB  6 SIP 11 SIP  7 SIP  9  ASTM DYB 16 SIP 15 DYB  8 SAB 13 SIP 14 - - - . 3 1 -  2  2 
TRY  ASTM SAB 16 DYB  6 SIP 11 SIP  7 SIP  9  ASTM DYB 16 SIP 15 DYB  8 SAB 13 SIP 14 2 - - . 3 1 -  2  2 
TRY  ASTM SAB 16 DYB  6 SIP 11 SIP  7 SIP  9  ASTM DYB 16 DYB 15 DYB  8 SAB 13 SIP 14 2 - - . 3 1 -  2  2 
TRY  ASTM SAB 16 DYB  6 SIP 11 SIP  7 SIP  9  ASTM DYB 16 DYB 15 DYB  8 SAB 13 SIP 14 2 - - . 3 1 2  2  2 
TRY  ASTM SAB 16 DYB  6 DYB 11 SIP  7 SIP  9  ASTM DYB 16 DYB 15 DYB  8 SAB 13 SIP 14 2 - - . 3 1 2  2  2 
TRY  ASTM SAB 16 DYB  6 DYB 11 SIP  7 SIP  9  ASTM DYB 16 DYB 15 DYB  8 SAB 13 SIP 14 2 3 - . 3 1 2  2  2 
TRY  ASTM SAB 16 DYB  6 DYB 11 DYB  7 SIP  9  ASTM DYB 16 DYB 15 DYB  8 SAB 13 SIP 14 2 3 - . 3 1 2  2  2 
TRY  ASTM SAB 16 DYB  6 DYB 11 DYB  7 SIP  9  ASTM DYB 16 DYB 15 DYB  8 SAB 13 SIP 14 2 3 4 . 3 1 2  2  2 
TRY  ASTM SAB 16 DYB  6 DYB 11 DYB  7 DYB  9  ASTM DYB 16 DYB 15 DYB  8 SAB 13 SIP 14 2 3 4 . 3 1 2  2  2 
TRY  ASTM SAB 16 DYB  6 DYB 11 DYB  7 DYB  9  ASTM DYB 16 DYB 15 DYB  8 SAB 13 SIP 14 2 3 4 . 3 1 2  2  2 
TRY  ASTM SAB 16 DYB  6 DYB 11 DYB  7 DYB  9  ASTM DYB 16 DYB 15 DYB  8 SAB 13 DYB 14 2 3 4 . 3 1 2  2  2 
TRY  ASTM SAB 16 DYB  6 DYB 11 DYB  7 DYB  9  ASTM DYB 16 DYB 15 DYB  8 SAB 13 DYB 14 2 3 4 . 3 1 2  2  2 
TRY  ASTM SAB 16 DYB  6 DYB 11 DYB  7 DYB  9  ASTM DYB 16 DYB 15 DYB  8 SAB 13 DYB 14 2 3 4 . 3 1 2  2  2 
WTC  ASTM SAB 16 DYB  6 DYB 11 DYB  7 DYB  9  ASTM DYB 16 DYB 15 DYB  8 SAB 13 DYB 14 2 3 4 . 3 1 2  2  2 
WTC  ASTM SAB 16 DYB  6 DYB 11 DYB  7 DYB  9  ASTM DYB 16 DYB 15 DYB  8 SAB 13 DYB 14 2 3 4 . 3 1 2  2  2 
WTC  ASTM SAB 16 DYB  6 DYB 11 DYB  7 DYB  8  ASTM DYB 16 DYB 15 DYB  8 SAB 13 DYB 14 2 3 4 . 3 1 2  2  2 
WTC  ASTM SAB 16 DYB  6 DYB 11 DYB  7 SAB  8  ASTM DYB 16 DYB 15 DYB  8 SAB 13 DYB 14 2 3 4 . 3 1 2  2  2 
WTC  ASTM SAB 16 DYB  6 DYB 11 DYB  7 SAB  8  ASTM DYB 16 DYB 15 DYB  8 SAB 13 DYB 14 2 3 - . 3 1 2  2  2 
WTC  ASTM SAB 16 DYB  6 DYB 11 DYB  7 SAB  8  ASTM DYB 16 DYB 15 DYB  8 SAB 13 DYB 14 2 - - . 3 1 2  2  2 
WTC  ASTM SAB 16 DYB  6 DYB 10 DYB  7 SAB  8  ASTM DYB 16 DYB 15 DYB  8 SAB 13 DYB 14 2 - - . 3 1 2  2  2 
WTC  ASTM SAB 16 DYB  6 SAB 10 DYB  7 SAB  8  ASTM DYB 16 DYB 15 DYB  8 SAB 13 DYB 14 2 - - . 3 1 2  2  2 
WTC  ASTM SAB 16 DYB  6 SAB 10 DYB  7 SAB  8  ASTM DYB 16 DYB 15 DYB  8 SAB 13 DYB 14 2 - - . 3 1 -  2  2 
WTC  ASTM SAB 16 DYB  6 SAB 10 DYB  7 SAB  8  ASTM DYB 16 DYB 15 DYB  8 SAB 13 DYB 14 - - - . 3 1 -  2  2 
WTC  ASTM SAB 16 DYB  5 SAB 10 DYB  7 SAB  8  ASTM DYB 16 DYB 15 DYB  8 SAB 13 DYB 14 - - - . 3 1 -  2  2 
WTC  ASTM SAB 16 SAB  5 SAB 10 DYB  7 SAB  8  ASTM DYB 16 DYB 15 DYB  8 SAB 13 DYB 14 - - - . 3 1 -  2  2 
WTC  ASTM SAB 16 SAB  5 SAB 10 DYB  7 SAB  8  WFRC DYB 16 DYB 15 DYB  8 SAB 13 DYB 14 - - - . 3 1 -  2  2 
WTC  ASTM SAB 16 SAB  5 SAB 10 DYB  7 SAB  8  WFRC DYB 16 DYB 15 DYB  8 SAB 13 DYB 14 - - - . 3 - -  2  2 
WTC  ASTM SAB 16 SAB  5 SAB 10 DYB  7 SAB  8  WFRC DYB 16 DYB 15 DYB  8 SAB 13 DYB 14 - - - . - - -  2  2 
WTC  ASTM SAB 16 SAB  5 SAB 10 DYB  7 SAB  8  WFRC DYB 16 DYB 15 DYB  7 SAB 13 DYB 14 - - - . - - -  2  2 
WTC  ASTM SAB 16 SAB  5 SAB 10 DYB  7 SAB  8  WFRC DYB 16 DYB 15 SAB  7 SAB 13 DYB 14 - - - . - - -  2  2 
WTC  WFRC SAB 16 SAB  5 SAB 10 DYB  7 SAB  8  WFRC DYB 16 DYB 15 SAB  7 SAB 13 DYB 14 - - - . - - -  2  2 
WTC  WFRC SAB 16 SAB  5 SAB 10 DYB  7 SAB  8  WFRC DYB 16 DYB 14 SAB  7 SAB 13 DYB 14 - - - . - - -  2  2 
WTC  WFRC SAB 16 SAB  5 SAB 10 DYB  7 SAB  8  WFRC DYB 16 SAB 14 SAB  7 SAB 13 DYB 14 - - - . - - -  2  2 
WTC  WFRC SAB 16 SAB  5 SAB 10 DYB  7 SAB  8  WFRC DYB 16 SAB 14 SAB  7 SAB 13 DYB 13 - - - . - - -  2  2 
WTC  WFRC SAB 16 SAB  5 SAB 10 DYB  7 SAB  8  WFRC DYB 16 SAB 14 SAB  7 SAB 13 SAB 13 - - - . - - -  2  2 
WTC  WFRC SAB 16 SAB  5 SAB 10 DYB  6 SAB  8  WFRC DYB 16 SAB 14 SAB  7 SAB 13 SAB 13 - - - . - - -  2  2 
WTC  WFRC SAB 16 SAB  5 SAB 10 SAB  6 SAB  8  WFRC DYB 16 SAB 14 SAB  7 SAB 13 SAB 13 - - - . - - -  2  2 
WTC  WFRC SAB 16 SAB  5 SAB 10 SAB  6 SAB  8  WFRC DYB 15 SAB 14 SAB  7 SAB 13 SAB 13 - - - . - - -  2  2 
WTC  WFRC SAB 16 SAB  5 SAB 10 SAB  6 SAB  8  WFRC SAB 15 SAB 14 SAB  7 SAB 13 SAB 13 - - - . - - -  2  2 
WTC  WFRC SAB 16 SAB  5 SAB 10 SAB  6 SAB  8  WFRC SAB 15 SAB 14 SAB  7 SAB 13 SAB 13 - - - . - - -  3  2 
WTC  WFRC SAB 16 SAB  5 SAB 10 SAB  6 SAB  8  WFRC SAB 15 SAB 14 SAB  7 SAB 13 SAB 13 - - - . - - -  3  3 
SOF  WFRC SAB 16 SAB  5 SAB 10 SAB  6 SAB  8  WFRC SAB 15 SAB 14 SAB  7 SAB 13 SAB 13 - - - . - - -  3  3 
TRY  WFRC SAB 16 SAB  5 SAB 10 SAB  6 SAB  8  WFRC SAB 15 SAB 14 SAB  7 SAB 13 SAB 13 - - - . - - -  3  3 
TRY  WFRC SAB 16 SAB  5 SAB 10 SAB  6 SAB  8  WFRC SIP 15 SAB 14 SAB  7 SAB 13 SAB 13 - - - . - - -  3  3 
TRY  WFRC SAB 16 SIP  5 SAB 10 SAB  6 SAB  8  WFRC SIP 15 SAB 14 SAB  7 SAB 13 SAB 13 - - - . - - -  3  3 
TRY  ASTM SAB 16 SIP  5 SAB 10 SAB  6 SAB  8  WFRC SIP 15 SAB 14 SAB  7 SAB 13 SAB 13 - - - . - - -  3  3 
TRY  ASTM SAB 16 SIP  5 SAB 10 SAB  6 SAB  8  WFRC SIP 15 SIP 14 SAB  7 SAB 13 SAB 13 - - - . - - -  3  3 
TRY  ASTM SAB 16 SIP  5 SAB 10 SAB  6 SAB  8  WFRC SIP 15 SIP 14 SAB  7 SIP 13 SAB 13 - - - . - - -  3  3 
TRY  ASTM SAB 16 SIP  5 SAB 10 SAB  6 SAB  8  WFRC SIP 15 SIP 14 SAB  7 SAB 13 SAB 13 - - - . - - -  3  3 
TRY  ASTM SAB 16 SIP  5 SAB 10 SAB  6 SAB  8  WFRC SIP 15 SIP 14 SAB  7 SAB 14 SAB 13 - - - . - - -  3  3 
TRY  ASTM SAB 16 SIP  5 SIP 10 SAB  6 SAB  8  WFRC SIP 15 SIP 14 SAB  7 SAB 14 SAB 13 - - - . - - -  3  3 
TRY  ASTM SAB 16 SIP  5 SIP 10 SAB  6 SAB  8  WFRC SIP 15 SIP 14 SAB  7 SAB 14 SIP 13 - - - . - - -  3  3 
TRY  ASTM SAB 16 SIP  5 SIP 10 SAB  6 SIP  8  WFRC SIP 15 SIP 14 SAB  7 SAB 14 SIP 13 - - - . - - -  3  3 
TRY  ASTM SAB 16 SIP  5 SIP 10 SIP  6 SIP  8  WFRC SIP 15 SIP 14 SAB  7 SAB 14 SIP 13 - - - . - - -  3  3 
TRY  ASTM SAB 16 SIP  5 SAB 10 SIP  6 SIP  8  WFRC SIP 15 SIP 14 SAB  7 SAB 14 SIP 13 - - - . - - -  3  3 
TRY  ASTM SAB 16 SIP  5 SAB 11 SIP  6 SIP  8  WFRC SIP 15 SIP 14 SAB  7 SAB 14 SIP 13 - - - . - - -  3  3 
TRY  ASTM SAB 16 SIP  5 SAB 11 SIP  6 SIP  8  ASTM SIP 15 SIP 14 SAB  7 SAB 14 SIP 13 - - - . - - -  3  3 
TRY  ASTM SIP 16 SIP  5 SAB 11 SIP  6 SIP  8  ASTM SIP 15 SIP 14 SAB  7 SAB 14 SIP 13 - - - . - - -  3  3 
TRY  ASTM SIP 16 SIP  5 SAB 11 SIP  6 SIP  8  ASTM SIP 15 SIP 14 SIP  7 SAB 14 SIP 13 - - - . - - -  3  3 
TRY  ASTM SIP 16 SIP  5 SAB 11 DYB  6 SIP  8  ASTM SIP 15 SIP 14 SIP  7 SAB 14 SIP 13 - - - . - - -  3  3 
TRY  ASTM SIP 16 SIP  5 SAB 11 DYB  6 SIP  8  ASTM SIP 15 SIP 14 SIP  7 SAB 14 SIP 13 4 - - . - - -  3  3 
TRY  ASTM SIP 16 SIP  5 SAB 11 DYB  6 DYB  8  ASTM SIP 15 SIP 14 SIP  7 SAB 14 SIP 13 4 - - . - - -  3  3 
TRY  ASTM SIP 16 SIP  5 SAB 11 DYB  6 DYB  8  ASTM SIP 15 SIP 14 SIP  7 SAB 14 SIP 13 4 5 - . - - -  3  3 
TRY  ASTM SIP 16 SIP  5 SAB 11 DYB  6 DYB  8  ASTM SIP 15 SIP 14 SIP  7 SAB 14 DYB 13 4 5 - . - - -  3  3 
TRY  ASTM SIP 16 SIP  5 SAB 11 DYB  6 DYB  8  ASTM SIP 15 DYB 14 SIP  7 SAB 14 DYB 13 4 5 - . - - -  3  3 
TRY  ASTM SIP 16 SIP  5 SAB 11 DYB  6 DYB  8  ASTM SIP 15 DYB 14 SIP  7 SAB 14 DYB 13 4 5 - . 2 - -  3  3 
TRY  ASTM SIP 16 DYB  5 SAB 11 DYB  6 DYB  8  ASTM SIP 15 DYB 14 SIP  7 SAB 14 DYB 13 4 5 - . 2 - -  3  3 
TRY  ASTM SIP 16 DYB  5 SAB 11 DYB  6 DYB  8  ASTM SIP 15 DYB 14 SIP  7 SAB 14 DYB 13 4 5 - . 2 5 -  3  3 
TRY  ASTM SIP 16 DYB  5 SAB 11 DYB  6 DYB  8  ASTM DYB 15 DYB 14 SIP  7 SAB 14 DYB 13 4 5 - . 2 5 -  3  3 
TRY  ASTM SIP 16 DYB  5 SAB 11 DYB  6 DYB  8  ASTM DYB 15 DYB 14 SIP  7 SAB 14 DYB 13 4 5 - . 2 5 1  3  3 
TRY  ASTM DYB 16 DYB  5 SAB 11 DYB  6 DYB  8  ASTM DYB 15 DYB 14 SIP  7 SAB 14 DYB 13 4 5 - . 2 5 1  3  3 
TRY  ASTM DYB 16 DYB  5 SAB 11 DYB  6 DYB  8  ASTM DYB 15 DYB 14 SIP  7 SAB 14 DYB 13 4 5 1 . 2 5 1  3  3 
WTC  ASTM DYB 16 DYB  5 SAB 11 DYB  6 DYB  8  ASTM DYB 15 DYB 14 SIP  7 SAB 14 DYB 13 4 5 1 . 2 5 1  3  3 
WTC  ASTM DYB 16 DYB  5 SAB 11 DYB  6 DYB  8  ASTM DYB 15 DYB 14 SIP  7 SAB 14 DYB 13 4 5 1 . 2 5 1  3  3 
WTC  ASTM DYB 16 DYB  5 SAB 11 DYB  6 DYB  8  ASTM DYB 15 DYB 14 DYB  7 SAB 14 DYB 13 4 5 1 . 2 5 1  3  3 
WTC  ASTM DYB 16 DYB  5 SAB 11 DYB  6 DYB  8  ASTM DYB 15 DYB 14 DYB  7 SAB 14 DYB 13 4 5 1 . 2 5 1  3  3 
WTC  ASTM DYB 16 DYB  5 SAB 11 DYB  6 DYB  8  ASTM DYB 15 DYB 14 DYB  7 SAB 14 DYB 13 4 5 1 . 2 5 1  3  3 
WTC  ASTM DYB 16 DYB  5 SAB 11 DYB  6 DYB  8  ASTM DYB 15 DYB 14 DYB  7 SAB 14 DYB 13 4 5 1 . 2 5 1  3  3 
WTC  ASTM DYB 16 DYB  4 SAB 11 DYB  6 DYB  8  ASTM DYB 15 DYB 14 DYB  7 SAB 14 DYB 13 4 5 1 . 2 5 1  3  3 
WTC  ASTM DYB 16 SAB  4 SAB 11 DYB  6 DYB  8  ASTM DYB 15 DYB 14 DYB  7 SAB 14 DYB 13 4 5 1 . 2 5 1  3  3 
WTC  ASTM DYB 16 SAB  4 SAB 11 DYB  6 DYB  8  ASTM DYB 15 DYB 14 DYB  7 SAB 14 DYB 13 4 5 - . 2 5 1  3  3 
WTC  ASTM DYB 16 SAB  4 SAB 11 DYB  6 DYB  8  ASTM DYB 15 DYB 14 DYB  7 SAB 14 DYB 13 4 5 - . 2 5 -  3  3 
WTC  ASTM DYB 16 SAB  4 SAB 11 DYB  6 DYB  8  ASTM DYB 14 DYB 14 DYB  7 SAB 14 DYB 13 4 5 - . 2 5 -  3  3 
WTC  ASTM DYB 16 SAB  4 SAB 11 DYB  6 DYB  8  ASTM DYB 14 DYB 14 DYB  7 SAB 14 DYB 13 4 5 - . 2 - -  3  3 
WTC  ASTM DYB 16 SAB  4 SAB 11 DYB  6 DYB  8  ASTM SAB 14 DYB 14 DYB  7 SAB 14 DYB 13 4 5 - . 2 - -  3  3 
WTC  ASTM DYB 16 SAB  4 SAB 11 DYB  6 DYB  8  WFRC SAB 14 DYB 14 DYB  7 SAB 14 DYB 13 4 5 - . 2 - -  3  3 
WTC  WFRC DYB 16 SAB  4 SAB 11 DYB  6 DYB  8  WFRC SAB 14 DYB 14 DYB  7 SAB 14 DYB 13 4 5 - . 2 - -  3  3 
WTC  WFRC DYB 16 SAB  4 SAB 11 DYB  6 DYB  8  WFRC SAB 14 DYB 14 DYB  7 SAB 14 DYB 13 5 - - . 2 - -  3  3 
WTC  WFRC DYB 16 SAB  4 SAB 11 DYB  5 DYB  8  WFRC SAB 14 DYB 14 DYB  7 SAB 14 DYB 13 5 - - . 2 - -  3  3 
WTC  WFRC DYB 16 SAB  4 SAB 11 SAB  5 DYB  8  WFRC SAB 14 DYB 14 DYB  7 SAB 14 DYB 13 5 - - . 2 - -  3  3 
WTC  WFRC DYB 16 SAB  4 SAB 11 SAB  5 DYB  8  WFRC SAB 14 DYB 14 DYB  7 SAB 14 DYB 13 - - - . 2 - -  3  3 
WTC  WFRC DYB 16 SAB  4 SAB 11 SAB  5 DYB  8  WFRC SAB 14 DYB 14 DYB  7 SAB 14 DYB 13 - - - . - - -  3  3 
WTC  WFRC DYB 16 SAB  4 SAB 11 SAB  5 DYB  8  WFRC SAB 14 DYB 13 DYB  7 SAB 14 DYB 13 - - - . - - -  3  3 
WTC  WFRC DYB 16 SAB  4 SAB 11 SAB  5 DYB  8  WFRC SAB 14 SAB 13 DYB  7 SAB 14 DYB 13 - - - . - - -  3  3 
WTC  WFRC DYB 15 SAB  4 SAB 11 SAB  5 DYB  8  WFRC SAB 14 SAB 13 DYB  7 SAB 14 DYB 13 - - - . - - -  3  3 
WTC  WFRC SAB 15 SAB  4 SAB 11 SAB  5 DYB  8  WFRC SAB 14 SAB 13 DYB  7 SAB 14 DYB 13 - - - . - - -  3  3 
WTC  WFRC SAB 15 SAB  4 SAB 11 SAB  5 DYB  7  WFRC SAB 14 SAB 13 DYB  7 SAB 14 DYB 13 - - - . - - -  3  3 
WTC  WFRC SAB 15 SAB  4 SAB 11 SAB  5 SAB  7  WFRC SAB 14 SAB 13 DYB  7 SAB 14 DYB 13 - - - . - - -  3  3 
WTC  WFRC SAB 15 SAB  4 SAB 11 SAB  5 SAB  7  WFRC SAB 14 SAB 13 DYB  6 SAB 14 DYB 13 - - - . - - -  3  3 
WTC  WFRC SAB 15 SAB  4 SAB 11 SAB  5 SAB  7  WFRC SAB 14 SAB 13 SAB  6 SAB 14 DYB 13 - - - . - - -  3  3 
WTC  WFRC SAB 15 SAB  4 SAB 11 SAB  5 SAB  7  WFRC SAB 14 SAB 13 SAB  6 SAB 14 DYB 12 - - - . - - -  3  3 
WTC  WFRC SAB 15 SAB  4 SAB 11 SAB  5 SAB  7  WFRC SAB 14 SAB 13 SAB  6 SAB 14 SAB 12 - - - . - - -  3  3 
WTC  WFRC SAB 15 SAB  4 SAB 11 SAB  5 SAB  7  WFRC SAB 14 SAB 13 SAB  6 SAB 14 SAB 12 - - - . - - -  4  3 
WTC  WFRC SAB 15 SAB  4 SAB 11 SAB  5 SAB  7  WFRC SAB 14 SAB 13 SAB  6 SAB 14 SAB 12 - - - . - - -  4  4 
Game 2 was won by team B by knock out in 4 trials.
4Game 2 was won by team B by points.
EOG  WFRC SAB 15 SAB  4 SAB 11 SAB  5 SAB  7  WFRC SAB 14 SAB 13 SAB  6 SAB 14 SAB 12 - - - . - - -  4  4 
SOM  WFRC SAB 15 SAB  4 SAB 11 SAB  5 SAB  7  WFRC SAB 14 SAB 13 SAB  6 SAB 14 SAB 12 - - - . - - -  4  4 
Game 3
Ref Coa 1 Cont 1 Cont 2 Cont 3 Cont 4 Cont 5 Coa 2 Cont 1 Cont 2 Cont 3 Cont 4 Cont 5              Trial 
Sta  Stat Sta SG Sta SG Sta SG Sta SG Sta SG  Stat Sta SG Sta SG Sta SG Sta SG Sta SG 3 2 1 . 1 2 3 NB PS 
SOM  WFRC SAB 15 SAB  4 SAB 11 SAB  5 SAB  7  WFRC SAB 14 SAB 13 SAB  6 SAB 14 SAB 12 - - - . - - -  0  0 
SOM  WFRC SAB 15 SAB  4 SAB 11 SAB  5 SAB  7  WFRC SAB 14 SAB 13 SAB  6 SAB 14 SAB 12 - - - . - - -  1  0 
TRY  WFRC SAB 15 SAB  4 SAB 11 SAB  5 SAB  7  WFRC SAB 14 SAB 13 SAB  6 SAB 14 SAB 12 - - - . - - -  1  0 
TRY  WFRC SAB 15 SAB  4 SAB 11 SAB  5 SAB  7  WFRC SAB 14 SAB 13 SAB  6 SAB 14 SIP 12 - - - . - - -  1  0 
TRY  WFRC SAB 15 SAB  4 SAB 11 SAB  5 SAB  7  WFRC SAB 14 SAB 13 SIP  6 SAB 14 SIP 12 - - - . - - -  1  0 
TRY  WFRC SIP 15 SAB  4 SAB 11 SAB  5 SAB  7  WFRC SAB 14 SAB 13 SIP  6 SAB 14 SIP 12 - - - . - - -  1  0 
TRY  WFRC SIP 15 SIP  4 SAB 11 SAB  5 SAB  7  WFRC SAB 14 SAB 13 SIP  6 SAB 14 SIP 12 - - - . - - -  1  0 
TRY  WFRC SIP 15 SIP  4 SAB 11 SAB  5 SAB  7  WFRC SAB 14 SIP 13 SIP  6 SAB 14 SIP 12 - - - . - - -  1  0 
TRY  WFRC SIP 15 SIP  4 SAB 11 SAB  5 SAB  7  WFRC SAB 14 SAB 13 SIP  6 SAB 14 SIP 12 - - - . - - -  1  0 
TRY  WFRC SIP 15 SIP  4 SAB 11 SAB  5 SAB  7  WFRC SAB 14 SAB 14 SIP  6 SAB 14 SIP 12 - - - . - - -  1  0 
TRY  WFRC SIP 15 SIP  4 SAB 11 SIP  5 SAB  7  WFRC SAB 14 SAB 14 SIP  6 SAB 14 SIP 12 - - - . - - -  1  0 
TRY  WFRC SIP 15 SIP  4 SAB 11 SAB  5 SAB  7  WFRC SAB 14 SAB 14 SIP  6 SAB 14 SIP 12 - - - . - - -  1  0 
TRY  WFRC SIP 15 SIP  4 SAB 11 SAB  6 SAB  7  WFRC SAB 14 SAB 14 SIP  6 SAB 14 SIP 12 - - - . - - -  1  0 
TRY  WFRC SIP 15 SIP  4 SIP 11 SAB  6 SAB  7  WFRC SAB 14 SAB 14 SIP  6 SAB 14 SIP 12 - - - . - - -  1  0 
TRY  WFRC SIP 15 SIP  4 SIP 11 SAB  6 SAB  7  WFRC SAB 14 SAB 14 SIP  6 SIP 14 SIP 12 - - - . - - -  1  0 
TRY  WFRC SIP 15 SIP  4 SIP 11 SAB  6 SIP  7  WFRC SAB 14 SAB 14 SIP  6 SIP 14 SIP 12 - - - . - - -  1  0 
TRY  ASTM SIP 15 SIP  4 SIP 11 SAB  6 SIP  7  WFRC SAB 14 SAB 14 SIP  6 SIP 14 SIP 12 - - - . - - -  1  0 
TRY  ASTM SIP 15 SIP  4 SIP 11 SAB  6 SIP  7  WFRC SIP 14 SAB 14 SIP  6 SIP 14 SIP 12 - - - . - - -  1  0 
TRY  ASTM SIP 15 SIP  4 SIP 11 SAB  6 SIP  7  ASTM SIP 14 SAB 14 SIP  6 SIP 14 SIP 12 - - - . - - -  1  0 
WTC  ASTM SIP 15 SIP  4 SIP 11 SAB  6 SIP  7  ASTM SIP 14 SAB 14 SIP  6 SIP 14 SIP 12 - - - . - - -  1  0 
WTC  ASTM SIP 15 SIP  4 SIP 11 SAB  6 SIP  7  ASTM SIP 14 SAB 14 SIP  6 SIP 14 DYB 12 - - - . - - -  1  0 
WTC  ASTM SIP 15 SIP  4 SIP 11 SAB  6 SIP  7  ASTM SIP 14 SAB 14 SIP  6 SIP 14 DYB 12 - - - . 5 - -  1  0 
WTC  ASTM SIP 15 SIP  4 SIP 11 SAB  6 SIP  7  ASTM SIP 14 SAB 14 DYB  6 SIP 14 DYB 12 - - - . 5 - -  1  0 
WTC  ASTM SIP 15 SIP  4 SIP 11 SAB  6 SIP  7  ASTM SIP 14 SAB 14 DYB  6 SIP 14 DYB 12 - - - . 5 3 -  1  0 
WTC  ASTM DYB 15 SIP  4 SIP 11 SAB  6 SIP  7  ASTM SIP 14 SAB 14 DYB  6 SIP 14 DYB 12 - - - . 5 3 -  1  0 
WTC  ASTM DYB 15 SIP  4 SIP 11 SAB  6 SIP  7  ASTM SIP 14 SAB 14 DYB  6 SIP 14 DYB 12 1 - - . 5 3 -  1  0 
WTC  ASTM DYB 15 DYB  4 SIP 11 SAB  6 SIP  7  ASTM SIP 14 SAB 14 DYB  6 SIP 14 DYB 12 1 - - . 5 3 -  1  0 
WTC  ASTM DYB 15 DYB  4 SIP 11 SAB  6 SIP  7  ASTM SIP 14 SAB 14 DYB  6 SIP 14 DYB 12 1 2 - . 5 3 -  1  0 
WTC  ASTM DYB 15 DYB  4 DYB 11 SAB  6 SIP  7  ASTM SIP 14 SAB 14 DYB  6 SIP 14 DYB 12 1 2 - . 5 3 -  1  0 
WTC  ASTM DYB 15 DYB  4 DYB 11 SAB  6 SIP  7  ASTM SIP 14 SAB 14 DYB  6 SIP 14 DYB 12 1 2 3 . 5 3 -  1  0 
WTC  ASTM DYB 15 DYB  4 DYB 11 SAB  6 SIP  7  ASTM SIP 14 SAB 14 DYB  6 DYB 14 DYB 12 1 2 3 . 5 3 -  1  0 
WTC  ASTM DYB 15 DYB  4 DYB 11 SAB  6 SIP  7  ASTM SIP 14 SAB 14 DYB  6 DYB 14 DYB 12 1 2 3 . 5 3 4  1  0 
WTC  ASTM DYB 15 DYB  4 DYB 11 SAB  6 DYB  7  ASTM SIP 14 SAB 14 DYB  6 DYB 14 DYB 12 1 2 3 . 5 3 4  1  0 
WTC  ASTM DYB 15 DYB  4 DYB 11 SAB  6 DYB  7  ASTM SIP 14 SAB 14 DYB  6 DYB 14 DYB 12 1 2 3 . 5 3 4  1  0 
WTC  ASTM DYB 15 DYB  4 DYB 11 SAB  6 DYB  7  ASTM DYB 14 SAB 14 DYB  6 DYB 14 DYB 12 1 2 3 . 5 3 4  1  0 
WTC  ASTM DYB 15 DYB  4 DYB 11 SAB  6 DYB  7  ASTM DYB 14 SAB 14 DYB  6 DYB 14 DYB 12 1 2 3 . 5 3 4  1  0 
WTC  ASTM DYB 15 DYB  4 DYB 11 SAB  6 DYB  7  ASTM DYB 14 SAB 14 DYB  6 DYB 14 DYB 12 1 2 3 . 5 3 4  1  0 
WTC  ASTM DYB 15 DYB  4 DYB 11 SAB  6 DYB  7  ASTM DYB 14 SAB 14 DYB  6 DYB 14 DYB 12 1 2 3 . 5 3 4  1  0 
WTC  ASTM DYB 15 DYB  4 DYB 11 SAB  6 DYB  6  ASTM DYB 14 SAB 14 DYB  6 DYB 14 DYB 12 1 2 3 . 5 3 4  1  0 
WTC  ASTM DYB 15 DYB  4 DYB 11 SAB  6 SAB  6  ASTM DYB 14 SAB 14 DYB  6 DYB 14 DYB 12 1 2 3 . 5 3 4  1  0 
WTC  ASTM DYB 15 DYB  4 DYB 11 SAB  6 SAB  6  ASTM DYB 14 SAB 14 DYB  6 DYB 14 DYB 12 1 2 3 . 5 3 -  1  0 
WTC  ASTM DYB 15 DYB  4 DYB 11 SAB  6 SAB  6  ASTM DYB 14 SAB 14 DYB  6 DYB 14 DYB 12 1 2 - . 5 3 -  1  0 
WTC  ASTM DYB 15 DYB  4 DYB 10 SAB  6 SAB  6  ASTM DYB 14 SAB 14 DYB  6 DYB 14 DYB 12 1 2 - . 5 3 -  1  0 
WTC  ASTM DYB 15 DYB  4 SAB 10 SAB  6 SAB  6  ASTM DYB 14 SAB 14 DYB  6 DYB 14 DYB 12 1 2 - . 5 3 -  1  0 
WTC  ASTM DYB 15 DYB  4 SAB 10 SAB  6 SAB  6  ASTM DYB 14 SAB 14 DYB  6 DYB 14 DYB 12 1 - - . 5 3 -  1  0 
WTC  ASTM DYB 15 DYB  4 SAB 10 SAB  6 SAB  6  ASTM DYB 14 SAB 14 DYB  6 DYB 14 DYB 12 - - - . 5 3 -  1  0 
WTC  ASTM DYB 14 DYB  4 SAB 10 SAB  6 SAB  6  ASTM DYB 14 SAB 14 DYB  6 DYB 14 DYB 12 - - - . 5 3 -  1  0 
WTC  ASTM SAB 14 DYB  4 SAB 10 SAB  6 SAB  6  ASTM DYB 14 SAB 14 DYB  6 DYB 14 DYB 12 - - - . 5 3 -  1  0 
WTC  ASTM SAB 14 DYB  4 SAB 10 SAB  6 SAB  6  ASTM DYB 14 SAB 14 DYB  6 DYB 14 DYB 12 - - - . 5 - -  1  0 
WTC  ASTM SAB 14 DYB  4 SAB 10 SAB  6 SAB  6  WFRC DYB 14 SAB 14 DYB  6 DYB 14 DYB 12 - - - . 5 - -  1  0 
WTC  ASTM SAB 14 DYB  4 SAB 10 SAB  6 SAB  6  WFRC DYB 14 SAB 14 DYB  6 DYB 14 DYB 12 - - - . - - -  1  0 
WTC  ASTM SAB 14 DYB  4 SAB 10 SAB  6 SAB  6  WFRC DYB 14 SAB 14 DYB  6 DYB 14 DYB 11 - - - . - - -  1  0 
WTC  ASTM SAB 14 DYB  4 SAB 10 SAB  6 SAB  6  WFRC DYB 14 SAB 14 DYB  6 DYB 14 SAB 11 - - - . - - -  1  0 
WTC  ASTM SAB 14 DYB  4 SAB 10 SAB  6 SAB  6  WFRC DYB 14 SAB 14 DYB  5 DYB 14 SAB 11 - - - . - - -  1  0 
WTC  ASTM SAB 14 DYB  4 SAB 10 SAB  6 SAB  6  WFRC DYB 14 SAB 14 SAB  5 DYB 14 SAB 11 - - - . - - -  1  0 
WTC  ASTM SAB 14 DYB  3 SAB 10 SAB  6 SAB  6  WFRC DYB 14 SAB 14 SAB  5 DYB 14 SAB 11 - - - . - - -  1  0 
WTC  ASTM SAB 14 SAB  3 SAB 10 SAB  6 SAB  6  WFRC DYB 14 SAB 14 SAB  5 DYB 14 SAB 11 - - - . - - -  1  0 
WTC  WFRC SAB 14 SAB  3 SAB 10 SAB  6 SAB  6  WFRC DYB 14 SAB 14 SAB  5 DYB 14 SAB 11 - - - . - - -  1  0 
WTC  WFRC SAB 14 SAB  3 SAB 10 SAB  6 SAB  6  WFRC DYB 13 SAB 14 SAB  5 DYB 14 SAB 11 - - - . - - -  1  0 
WTC  WFRC SAB 14 SAB  3 SAB 10 SAB  6 SAB  6  WFRC SAB 13 SAB 14 SAB  5 DYB 14 SAB 11 - - - . - - -  1  0 
WTC  WFRC SAB 14 SAB  3 SAB 10 SAB  6 SAB  6  WFRC SAB 13 SAB 14 SAB  5 DYB 13 SAB 11 - - - . - - -  1  0 
WTC  WFRC SAB 14 SAB  3 SAB 10 SAB  6 SAB  6  WFRC SAB 13 SAB 14 SAB  5 SAB 13 SAB 11 - - - . - - -  1  0 
WTC  WFRC SAB 14 SAB  3 SAB 10 SAB  6 SAB  6  WFRC SAB 13 SAB 14 SAB  5 SAB 13 SAB 11 - - - . - - -  1  0 
WTC  WFRC SAB 14 SAB  3 SAB 10 SAB  6 SAB  6  WFRC SAB 13 SAB 14 SAB  5 SAB 13 SAB 11 - - - . - - -  1  1 
SOF  WFRC SAB 14 SAB  3 SAB 10 SAB  6 SAB  6  WFRC SAB 13 SAB 14 SAB  5 SAB 13 SAB 11 - - - . - - -  1  1 
TRY  WFRC SAB 14 SAB  3 SAB 10 SAB  6 SAB  6  WFRC SAB 13 SAB 14 SAB  5 SAB 13 SAB 11 - - - . - - -  1  1 
TRY  WFRC SAB 14 SAB  3 SAB 10 SAB  6 SAB  6  ASTM SAB 13 SAB 14 SAB  5 SAB 13 SAB 11 - - - . - - -  1  1 
TRY  WFRC SAB 14 SAB  3 SAB 10 SAB  6 SAB  6  ASTM SAB 13 SAB 14 SAB  5 SAB 13 SIP 11 - - - . - - -  1  1 
TRY  WFRC SAB 14 SAB  3 SAB 10 SAB  6 SAB  6  ASTM SAB 13 SAB 14 SIP  5 SAB 13 SIP 11 - - - . - - -  1  1 
TRY  WFRC SAB 14 SAB  3 SAB 10 SAB  6 SAB  6  ASTM SAB 13 SAB 14 SAB  5 SAB 13 SIP 11 - - - . - - -  1  1 
TRY  WFRC SAB 14 SAB  3 SAB 10 SAB  6 SAB  6  ASTM SAB 13 SAB 14 SAB  6 SAB 13 SIP 11 - - - . - - -  1  1 
TRY  WFRC SAB 14 SAB  3 SAB 10 SIP  6 SAB  6  ASTM SAB 13 SAB 14 SAB  6 SAB 13 SIP 11 - - - . - - -  1  1 
TRY  WFRC SAB 14 SAB  3 SAB 10 SAB  6 SAB  6  ASTM SAB 13 SAB 14 SAB  6 SAB 13 SIP 11 - - - . - - -  1  1 
TRY  WFRC SAB 14 SAB  3 SAB 10 SAB  7 SAB  6  ASTM SAB 13 SAB 14 SAB  6 SAB 13 SIP 11 - - - . - - -  1  1 
TRY  WFRC SIP 14 SAB  3 SAB 10 SAB  7 SAB  6  ASTM SAB 13 SAB 14 SAB  6 SAB 13 SIP 11 - - - . - - -  1  1 
TRY  WFRC SIP 14 SAB  3 SAB 10 SAB  7 SAB  6  ASTM SAB 13 SIP 14 SAB  6 SAB 13 SIP 11 - - - . - - -  1  1 
TRY  WFRC SIP 14 SIP  3 SAB 10 SAB  7 SAB  6  ASTM SAB 13 SIP 14 SAB  6 SAB 13 SIP 11 - - - . - - -  1  1 
TRY  ASTM SIP 14 SIP  3 SAB 10 SAB  7 SAB  6  ASTM SAB 13 SIP 14 SAB  6 SAB 13 SIP 11 - - - . - - -  1  1 
TRY  ASTM SIP 14 SIP  3 SIP 10 SAB  7 SAB  6  ASTM SAB 13 SIP 14 SAB  6 SAB 13 SIP 11 - - - . - - -  1  1 
TRY  ASTM SIP 14 SIP  3 SIP 10 SAB  7 SAB  6  ASTM SIP 13 SIP 14 SAB  6 SAB 13 SIP 11 - - - . - - -  1  1 
TRY  ASTM SIP 14 SIP  3 SIP 10 SAB  7 SIP  6  ASTM SIP 13 SIP 14 SAB  6 SAB 13 SIP 11 - - - . - - -  1  1 
TRY  ASTM DYB 14 SIP  3 SIP 10 SAB  7 SIP  6  ASTM SIP 13 SIP 14 SAB  6 SAB 13 SIP 11 - - - . - - -  1  1 
TRY  ASTM DYB 14 SIP  3 SIP 10 SAB  7 SIP  6  ASTM SIP 13 SIP 14 SAB  6 SAB 13 SIP 11 1 - - . - - -  1  1 
TRY  ASTM DYB 14 SIP  3 SIP 10 SAB  7 SIP  6  ASTM SIP 13 SIP 14 SAB  6 SIP 13 SIP 11 1 - - . - - -  1  1 
TRY  ASTM DYB 14 DYB  3 SIP 10 SAB  7 SIP  6  ASTM SIP 13 SIP 14 SAB  6 SIP 13 SIP 11 1 - - . - - -  1  1 
TRY  ASTM DYB 14 DYB  3 SIP 10 SAB  7 SIP  6  ASTM SIP 13 SIP 14 SAB  6 SIP 13 SIP 11 1 2 - . - - -  1  1 
TRY  ASTM DYB 14 DYB  3 DYB 10 SAB  7 SIP  6  ASTM SIP 13 SIP 14 SAB  6 SIP 13 SIP 11 1 2 - . - - -  1  1 
TRY  ASTM DYB 14 DYB  3 DYB 10 SAB  7 SIP  6  ASTM SIP 13 SIP 14 SAB  6 DYB 13 SIP 11 1 2 - . - - -  1  1 
TRY  ASTM DYB 14 DYB  3 DYB 10 SAB  7 SIP  6  ASTM SIP 13 DYB 14 SAB  6 DYB 13 SIP 11 1 2 - . - - -  1  1 
TRY  ASTM DYB 14 DYB  3 DYB 10 SAB  7 DYB  6  ASTM SIP 13 DYB 14 SAB  6 DYB 13 SIP 11 1 2 - . - - -  1  1 
TRY  ASTM DYB 14 DYB  3 DYB 10 SAB  7 DYB  6  ASTM SIP 13 DYB 14 SAB  6 DYB 13 DYB 11 1 2 - . - - -  1  1 
TRY  ASTM DYB 14 DYB  3 DYB 10 SAB  7 DYB  6  ASTM DYB 13 DYB 14 SAB  6 DYB 13 DYB 11 1 2 - . - - -  1  1 
WTC  ASTM DYB 14 DYB  3 DYB 10 SAB  7 DYB  6  ASTM DYB 13 DYB 14 SAB  6 DYB 13 DYB 11 1 2 - . - - -  1  1 
WTC  ASTM DYB 14 DYB  3 DYB 10 SAB  7 DYB  6  ASTM DYB 13 DYB 14 SAB  6 DYB 13 DYB 11 1 2 3 . - - -  1  1 
WTC  ASTM DYB 14 DYB  3 DYB 10 SAB  7 DYB  6  ASTM DYB 13 DYB 14 SAB  6 DYB 13 DYB 11 1 2 3 . 1 - -  1  1 
WTC  ASTM DYB 14 DYB  3 DYB 10 SAB  7 DYB  6  ASTM DYB 13 DYB 14 SAB  6 DYB 13 DYB 11 1 2 3 . 1 5 -  1  1 
WTC  ASTM DYB 14 DYB  3 DYB 10 SAB  7 DYB  6  ASTM DYB 13 DYB 14 SAB  6 DYB 13 DYB 11 1 2 3 . 1 5 -  1  1 
WTC  ASTM DYB 14 DYB  3 DYB 10 SAB  7 DYB  6  ASTM DYB 13 DYB 14 SAB  6 DYB 13 DYB 11 1 2 3 . 1 5 2  1  1 
WTC  ASTM DYB 14 DYB  3 DYB 10 SAB  7 DYB  6  ASTM DYB 13 DYB 14 SAB  6 DYB 13 DYB 11 1 2 3 . 1 5 2  1  1 
WTC  ASTM DYB 14 DYB  3 DYB 10 SAB  7 DYB  6  ASTM DYB 13 DYB 14 SAB  6 DYB 13 DYB 11 1 2 3 . 1 5 2  1  1 
WTC  ASTM DYB 14 DYB  3 DYB 10 SAB  7 DYB  6  ASTM DYB 13 DYB 14 SAB  6 DYB 13 DYB 11 1 2 3 . 1 5 -  1  1 
WTC  ASTM DYB 14 DYB  3 DYB 10 SAB  7 DYB  6  ASTM DYB 13 DYB 13 SAB  6 DYB 13 DYB 11 1 2 3 . 1 5 -  1  1 
WTC  ASTM DYB 14 DYB  3 DYB 10 SAB  7 DYB  6  ASTM DYB 13 SAB 13 SAB  6 DYB 13 DYB 11 1 2 3 . 1 5 -  1  1 
WTC  ASTM DYB 14 DYB  3 DYB 10 SAB  7 DYB  6  ASTM DYB 13 SAB 13 SAB  6 DYB 13 DYB 11 1 2 3 . 1 5 -  1  1 
WTC  ASTM DYB 14 DYB  3 DYB 10 SAB  7 DYB  6  ASTM DYB 13 SAB 13 SAB  6 DYB 13 DYB 11 1 2 3 . 1 - -  1  1 
WTC  ASTM DYB 14 DYB  3 DYB 10 SAB  7 DYB  6  ASTM DYB 13 SAB 13 SAB  6 DYB 13 DYB 10 1 2 3 . 1 - -  1  1 
WTC  ASTM DYB 14 DYB  3 DYB 10 SAB  7 DYB  6  ASTM DYB 13 SAB 13 SAB  6 DYB 13 SAB 10 1 2 3 . 1 - -  1  1 
WTC  ASTM DYB 14 DYB  3 DYB 10 SAB  7 DYB  6  ASTM DYB 13 SAB 13 SAB  6 DYB 13 SAB 10 1 2 3 . - - -  1  1 
WTC  WFRC DYB 14 DYB  3 DYB 10 SAB  7 DYB  6  ASTM DYB 13 SAB 13 SAB  6 DYB 13 SAB 10 1 2 3 . - - -  1  1 
WTC  WFRC DYB 14 DYB  3 DYB 10 SAB  7 DYB  6  ASTM DYB 13 SAB 13 SAB  6 DYB 13 SAB 10 1 2 - . - - -  1  1 
WTC  WFRC DYB 14 DYB  3 DYB  9 SAB  7 DYB  6  ASTM DYB 13 SAB 13 SAB  6 DYB 13 SAB 10 1 2 - . - - -  1  1 
WTC  WFRC DYB 14 DYB  3 SAB  9 SAB  7 DYB  6  ASTM DYB 13 SAB 13 SAB  6 DYB 13 SAB 10 1 2 - . - - -  1  1 
WTC  WFRC DYB 14 DYB  3 SAB  9 SAB  7 DYB  6  ASTM DYB 13 SAB 13 SAB  6 DYB 13 SAB 10 1 - - . - - -  1  1 
WTC  WFRC DYB 14 DYB  3 SAB  9 SAB  7 DYB  6  ASTM DYB 13 SAB 13 SAB  6 DYB 13 SAB 10 - - - . - - -  1  1 
WTC  WFRC DYB 13 DYB  3 SAB  9 SAB  7 DYB  6  ASTM DYB 13 SAB 13 SAB  6 DYB 13 SAB 10 - - - . - - -  1  1 
WTC  WFRC SAB 13 DYB  3 SAB  9 SAB  7 DYB  6  ASTM DYB 13 SAB 13 SAB  6 DYB 13 SAB 10 - - - . - - -  1  1 
WTC  WFRC SAB 13 DYB  3 SAB  9 SAB  7 DYB  6  ASTM DYB 12 SAB 13 SAB  6 DYB 13 SAB 10 - - - . - - -  1  1 
WTC  WFRC SAB 13 DYB  3 SAB  9 SAB  7 DYB  6  ASTM SAB 12 SAB 13 SAB  6 DYB 13 SAB 10 - - - . - - -  1  1 
WTC  WFRC SAB 13 DYB  3 SAB  9 SAB  7 DYB  6  WFRC SAB 12 SAB 13 SAB  6 DYB 13 SAB 10 - - - . - - -  1  1 
WTC  WFRC SAB 13 DYB  3 SAB  9 SAB  7 DYB  6  WFRC SAB 12 SAB 13 SAB  6 DYB 12 SAB 10 - - - . - - -  1  1 
WTC  WFRC SAB 13 DYB  3 SAB  9 SAB  7 DYB  6  WFRC SAB 12 SAB 13 SAB  6 SAB 12 SAB 10 - - - . - - -  1  1 
WTC  WFRC SAB 13 DYB  3 SAB  9 SAB  7 DYB  5  WFRC SAB 12 SAB 13 SAB  6 SAB 12 SAB 10 - - - . - - -  1  1 
WTC  WFRC SAB 13 DYB  3 SAB  9 SAB  7 SAB  5  WFRC SAB 12 SAB 13 SAB  6 SAB 12 SAB 10 - - - . - - -  1  1 
WTC  WFRC SAB 13 DYB  2 SAB  9 SAB  7 SAB  5  WFRC SAB 12 SAB 13 SAB  6 SAB 12 SAB 10 - - - . - - -  1  1 
WTC  WFRC SAB 13 SAB  2 SAB  9 SAB  7 SAB  5  WFRC SAB 12 SAB 13 SAB  6 SAB 12 SAB 10 - - - . - - -  1  1 
WTC  WFRC SAB 13 SAB  2 SAB  9 SAB  7 SAB  5  WFRC SAB 12 SAB 13 SAB  6 SAB 12 SAB 10 - - - . - - -  2  1 
WTC  WFRC SAB 13 SAB  2 SAB  9 SAB  7 SAB  5  WFRC SAB 12 SAB 13 SAB  6 SAB 12 SAB 10 - - - . - - -  2  2 
SOF  WFRC SAB 13 SAB  2 SAB  9 SAB  7 SAB  5  WFRC SAB 12 SAB 13 SAB  6 SAB 12 SAB 10 - - - . - - -  2  2 
TRY  WFRC SAB 13 SAB  2 SAB  9 SAB  7 SAB  5  WFRC SAB 12 SAB 13 SAB  6 SAB 12 SAB 10 - - - . - - -  2  2 
TRY  WFRC SAB 13 SAB  2 SAB  9 SAB  7 SIP  5  WFRC SAB 12 SAB 13 SAB  6 SAB 12 SAB 10 - - - . - - -  2  2 
TRY  WFRC SAB 13 SAB  2 SAB  9 SAB  7 SIP  5  WFRC SAB 12 SIP 13 SAB  6 SAB 12 SAB 10 - - - . - - -  2  2 
TRY  WFRC SAB 13 SAB  2 SAB  9 SAB  7 SIP  5  ASTM SAB 12 SIP 13 SAB  6 SAB 12 SAB 10 - - - . - - -  2  2 
TRY  WFRC SAB 13 SAB  2 SAB  9 SAB  7 SIP  5  ASTM SAB 12 SIP 13 SAB  6 SAB 12 SIP 10 - - - . - - -  2  2 
TRY  WFRC SAB 13 SAB  2 SIP  9 SAB  7 SIP  5  ASTM SAB 12 SIP 13 SAB  6 SAB 12 SIP 10 - - - . - - -  2  2 
TRY  WFRC SAB 13 SAB  2 SIP  9 SAB  7 SIP  5  ASTM SAB 12 SIP 13 SAB  6 SIP 12 SIP 10 - - - . - - -  2  2 
TRY  ASTM SAB 13 SAB  2 SIP  9 SAB  7 SIP  5  ASTM SAB 12 SIP 13 SAB  6 SIP 12 SIP 10 - - - . - - -  2  2 
TRY  ASTM SIP 13 SAB  2 SIP  9 SAB  7 SIP  5  ASTM SAB 12 SIP 13 SAB  6 SIP 12 SIP 10 - - - . - - -  2  2 
TRY  ASTM SIP 13 SAB  2 SIP  9 SAB  7 SIP  5  ASTM SAB 12 SIP 13 SIP  6 SIP 12 SIP 10 - - - . - - -  2  2 
TRY  ASTM SIP 13 SAB  2 SIP  9 SAB  7 SIP  5  ASTM SAB 12 SIP 13 DYB  6 SIP 12 SIP 10 - - - . - - -  2  2 
TRY  ASTM SIP 13 SAB  2 SIP  9 SAB  7 SIP  5  ASTM SAB 12 SIP 13 DYB  6 DYB 12 SIP 10 - - - . - - -  2  2 
TRY  ASTM SIP 13 SAB  2 SIP  9 SIP  7 SIP  5  ASTM SAB 12 SIP 13 DYB  6 DYB 12 SIP 10 - - - . - - -  2  2 
TRY  ASTM SIP 13 SIP  2 SIP  9 SIP  7 SIP  5  ASTM SAB 12 SIP 13 DYB  6 DYB 12 SIP 10 - - - . - - -  2  2 
TRY  ASTM SIP 13 SAB  2 SIP  9 SIP  7 SIP  5  ASTM SAB 12 SIP 13 DYB  6 DYB 12 SIP 10 - - - . - - -  2  2 
TRY  ASTM SIP 13 SAB  3 SIP  9 SIP  7 SIP  5  ASTM SAB 12 SIP 13 DYB  6 DYB 12 SIP 10 - - - . - - -  2  2 
TRY  ASTM SIP 13 SAB  3 SIP  9 SIP  7 SIP  5  ASTM SIP 12 SIP 13 DYB  6 DYB 12 SIP 10 - - - . - - -  2  2 
TRY  ASTM SIP 13 SAB  3 SIP  9 SIP  7 SIP  5  ASTM SIP 12 SIP 13 DYB  6 DYB 12 SIP 10 - - - . 3 - -  2  2 
TRY  ASTM SIP 13 SAB  3 DYB  9 SIP  7 SIP  5  ASTM SIP 12 SIP 13 DYB  6 DYB 12 SIP 10 - - - . 3 - -  2  2 
TRY  ASTM SIP 13 SAB  3 DYB  9 SIP  7 SIP  5  ASTM SIP 12 SIP 13 DYB  6 DYB 12 SIP 10 3 - - . 3 - -  2  2 
TRY  ASTM SIP 13 SAB  3 DYB  9 SIP  7 SIP  5  ASTM SIP 12 SIP 13 DYB  6 DYB 12 DYB 10 3 - - . 3 - -  2  2 
TRY  ASTM SIP 13 SAB  3 DYB  9 DYB  7 SIP  5  ASTM SIP 12 SIP 13 DYB  6 DYB 12 DYB 10 3 - - . 3 - -  2  2 
TRY  ASTM SIP 13 SAB  3 DYB  9 DYB  7 SIP  5  ASTM SIP 12 DYB 13 DYB  6 DYB 12 DYB 10 3 - - . 3 - -  2  2 
TRY  ASTM DYB 13 SAB  3 DYB  9 DYB  7 SIP  5  ASTM SIP 12 DYB 13 DYB  6 DYB 12 DYB 10 3 - - . 3 - -  2  2 
TRY  ASTM DYB 13 SAB  3 DYB  9 DYB  7 DYB  5  ASTM SIP 12 DYB 13 DYB  6 DYB 12 DYB 10 3 - - . 3 - -  2  2 
WTC  ASTM DYB 13 SAB  3 DYB  9 DYB  7 DYB  5  ASTM SIP 12 DYB 13 DYB  6 DYB 12 DYB 10 3 - - . 3 - -  2  2 
WTC  ASTM DYB 13 SAB  3 DYB  9 DYB  7 DYB  5  ASTM SIP 12 DYB 13 DYB  6 DYB 12 DYB 10 3 - - . 3 5 -  2  2 
WTC  ASTM DYB 13 SAB  3 DYB  9 DYB  7 DYB  5  ASTM SAB 12 DYB 13 DYB  6 DYB 12 DYB 10 3 - - . 3 5 -  2  2 
WTC  ASTM DYB 13 SAB  3 DYB  9 DYB  7 DYB  5  ASTM SAB 13 DYB 13 DYB  6 DYB 12 DYB 10 3 - - . 3 5 -  2  2 
WTC  ASTM DYB 13 SAB  3 DYB  9 DYB  7 DYB  5  ASTM SAB 13 DYB 13 DYB  6 DYB 12 DYB 10 3 - - . 3 5 4  2  2 
WTC  ASTM DYB 13 SAB  3 DYB  9 DYB  7 DYB  5  ASTM SAB 13 DYB 13 DYB  6 DYB 12 DYB 10 3 5 - . 3 5 4  2  2 
WTC  ASTM DYB 13 SAB  3 DYB  9 DYB  7 DYB  5  ASTM SAB 13 DYB 13 DYB  6 DYB 12 DYB 10 3 5 1 . 3 5 4  2  2 
WTC  ASTM DYB 13 SAB  3 DYB  9 DYB  7 DYB  5  ASTM SAB 13 DYB 13 DYB  6 DYB 12 DYB 10 3 5 1 . 3 5 4  2  2 
WTC  ASTM DYB 13 SAB  3 DYB  9 DYB  7 DYB  5  ASTM SAB 13 DYB 13 DYB  6 DYB 12 DYB 10 3 5 1 . 3 5 4  2  2 
WTC  ASTM DYB 13 SAB  3 DYB  9 DYB  7 DYB  5  ASTM SAB 13 DYB 13 DYB  6 DYB 12 DYB 10 3 5 1 . 3 5 4  2  2 
WTC  ASTM DYB 13 SAB  3 DYB  9 DYB  7 DYB  5  ASTM SAB 13 DYB 13 DYB  6 DYB 12 DYB 10 3 5 1 . 5 4 2  2  2 
WTC  ASTM DYB 13 SAB  3 DYB  9 DYB  7 DYB  5  ASTM SAB 13 DYB 13 DYB  5 DYB 12 DYB 10 3 5 1 . 5 4 2  2  2 
WTC  ASTM DYB 13 SAB  3 DYB  9 DYB  7 DYB  5  ASTM SAB 13 DYB 13 SAB  5 DYB 12 DYB 10 3 5 1 . 5 4 2  2  2 
WTC  ASTM DYB 13 SAB  3 DYB  9 DYB  7 DYB  5  ASTM SAB 13 DYB 13 SAB  5 DYB 12 DYB 10 5 1 - . 5 4 2  2  2 
WTC  ASTM DYB 13 SAB  3 DYB  9 DYB  7 DYB  5  ASTM SAB 13 DYB 13 SAB  5 DYB 12 DYB 10 5 1 - . 4 2 -  2  2 
WTC  ASTM DYB 13 SAB  3 DYB  9 DYB  7 DYB  5  ASTM SAB 13 DYB 13 SAB  5 DYB 12 DYB  9 5 1 - . 4 2 -  2  2 
WTC  ASTM DYB 13 SAB  3 DYB  9 DYB  7 DYB  5  ASTM SAB 13 DYB 13 SAB  5 DYB 12 SAB  9 5 1 - . 4 2 -  2  2 
WTC  ASTM DYB 13 SAB  3 DYB  9 DYB  7 DYB  5  ASTM SAB 13 DYB 13 SAB  5 DYB 12 SAB  9 5 1 - . 2 - -  2  2 
WTC  ASTM DYB 13 SAB  3 DYB  9 DYB  7 DYB  5  ASTM SAB 13 DYB 13 SAB  5 DYB 12 SAB  9 1 - - . 2 - -  2  2 
WTC  ASTM DYB 13 SAB  3 DYB  9 DYB  7 DYB  4  ASTM SAB 13 DYB 13 SAB  5 DYB 12 SAB  9 1 - - . 2 - -  2  2 
WTC  ASTM DYB 13 SAB  3 DYB  9 DYB  7 SAB  4  ASTM SAB 13 DYB 13 SAB  5 DYB 12 SAB  9 1 - - . 2 - -  2  2 
WTC  ASTM DYB 13 SAB  3 DYB  9 DYB  7 SAB  4  ASTM SAB 13 DYB 13 SAB  5 DYB 12 SAB  9 - - - . 2 - -  2  2 
WTC  ASTM DYB 13 SAB  3 DYB  9 DYB  7 SAB  4  ASTM SAB 13 DYB 13 SAB  5 DYB 12 SAB  9 - - - . - - -  2  2 
WTC  ASTM DYB 13 SAB  3 DYB  9 DYB  7 SAB  4  ASTM SAB 13 DYB 12 SAB  5 DYB 12 SAB  9 - - - . - - -  2  2 
WTC  ASTM DYB 13 SAB  3 DYB  9 DYB  7 SAB  4  ASTM SAB 13 SAB 12 SAB  5 DYB 12 SAB  9 - - - . - - -  2  2 
WTC  ASTM DYB 12 SAB  3 DYB  9 DYB  7 SAB  4  ASTM SAB 13 SAB 12 SAB  5 DYB 12 SAB  9 - - - . - - -  2  2 
WTC  ASTM SAB 12 SAB  3 DYB  9 DYB  7 SAB  4  ASTM SAB 13 SAB 12 SAB  5 DYB 12 SAB  9 - - - . - - -  2  2 
WTC  ASTM SAB 12 SAB  3 DYB  9 DYB  7 SAB  4  ASTM SAB 13 SAB 12 SAB  5 DYB 11 SAB  9 - - - . - - -  2  2 
WTC  ASTM SAB 12 SAB  3 DYB  9 DYB  7 SAB  4  ASTM SAB 13 SAB 12 SAB  5 SAB 11 SAB  9 - - - . - - -  2  2 
WTC  ASTM SAB 12 SAB  3 DYB  8 DYB  7 SAB  4  ASTM SAB 13 SAB 12 SAB  5 SAB 11 SAB  9 - - - . - - -  2  2 
WTC  ASTM SAB 12 SAB  3 SAB  8 DYB  7 SAB  4  ASTM SAB 13 SAB 12 SAB  5 SAB 11 SAB  9 - - - . - - -  2  2 
WTC  ASTM SAB 12 SAB  3 SAB  8 DYB  6 SAB  4  ASTM SAB 13 SAB 12 SAB  5 SAB 11 SAB  9 - - - . - - -  2  2 
WTC  ASTM SAB 12 SAB  3 SAB  8 SAB  6 SAB  4  ASTM SAB 13 SAB 12 SAB  5 SAB 11 SAB  9 - - - . - - -  2  2 
WTC  WFRC SAB 12 SAB  3 SAB  8 SAB  6 SAB  4  ASTM SAB 13 SAB 12 SAB  5 SAB 11 SAB  9 - - - . - - -  2  2 
WTC  WFRC SAB 12 SAB  3 SAB  8 SAB  6 SAB  4  WFRC SAB 13 SAB 12 SAB  5 SAB 11 SAB  9 - - - . - - -  2  2 
WTC  WFRC SAB 12 SAB  3 SAB  8 SAB  6 SAB  4  WFRC SAB 13 SAB 12 SAB  5 SAB 11 SAB  9 - - - . - - -  3  2 
WTC  WFRC SAB 12 SAB  3 SAB  8 SAB  6 SAB  4  WFRC SAB 13 SAB 12 SAB  5 SAB 11 SAB  9 - - - . - - -  3  3 
SOF  WFRC SAB 12 SAB  3 SAB  8 SAB  6 SAB  4  WFRC SAB 13 SAB 12 SAB  5 SAB 11 SAB  9 - - - . - - -  3  3 
SOF  WFRC SAB 12 SIP  3 SAB  8 SAB  6 SAB  4  WFRC SAB 13 SAB 12 SAB  5 SAB 11 SAB  9 - - - . - - -  3  3 
SOF  WFRC SAB 12 SAB  3 SAB  8 SAB  6 SAB  4  WFRC SAB 13 SAB 12 SAB  5 SAB 11 SAB  9 - - - . - - -  3  3 
SOF  WFRC SAB 12 SAB  4 SAB  8 SAB  6 SAB  4  WFRC SAB 13 SAB 12 SAB  5 SAB 11 SAB  9 - - - . - - -  3  3 
SOF  WFRC SAB 12 SAB  4 SAB  8 SAB  6 SAB  4  ASTM SAB 13 SAB 12 SAB  5 SAB 11 SAB  9 - - - . - - -  3  3 
SOF  WFRC SAB 12 SAB  4 SAB  8 SAB  6 SAB  4  ASTM SIP 13 SAB 12 SAB  5 SAB 11 SAB  9 - - - . - - -  3  3 
SOF  WFRC SAB 12 SAB  4 SAB  8 SIP  6 SAB  4  ASTM SIP 13 SAB 12 SAB  5 SAB 11 SAB  9 - - - . - - -  3  3 
SOF  WFRC SAB 12 SAB  4 SAB  8 SIP  6 SAB  4  ASTM SIP 13 SAB 12 SIP  5 SAB 11 SAB  9 - - - . - - -  3  3 
SOF  WFRC SAB 12 SAB  4 SIP  8 SIP  6 SAB  4  ASTM SIP 13 SAB 12 SIP  5 SAB 11 SAB  9 - - - . - - -  3  3 
SOF  WFRC SAB 12 SAB  4 SIP  8 SIP  6 SAB  4  ASTM SIP 13 SAB 12 SIP  5 SAB 11 SIP  9 - - - . - - -  3  3 
SOF  WFRC SAB 12 SAB  4 SIP  8 SIP  6 SAB  4  ASTM SIP 13 SAB 12 SIP  5 SIP 11 SIP  9 - - - . - - -  3  3 
SOF  WFRC SAB 12 SAB  4 SIP  8 SIP  6 SIP  4  ASTM SIP 13 SAB 12 SIP  5 SIP 11 SIP  9 - - - . - - -  3  3 
SOF  WFRC SIP 12 SAB  4 SIP  8 SIP  6 SIP  4  ASTM SIP 13 SAB 12 SIP  5 SIP 11 SIP  9 - - - . - - -  3  3 
SOF  WFRC SIP 12 SAB  4 SIP  8 SIP  6 SIP  4  ASTM SIP 13 SIP 12 SIP  5 SIP 11 SIP  9 - - - . - - -  3  3 
SOF  WFRC SIP 12 SAB  4 SIP  8 SIP  6 SIP  4  ASTM SIP 13 SAB 12 SIP  5 SIP 11 SIP  9 - - - . - - -  3  3 
SOF  WFRC SIP 12 SAB  4 SIP  8 SIP  6 SIP  4  ASTM SIP 13 SAB 13 SIP  5 SIP 11 SIP  9 - - - . - - -  3  3 
SOF  ASTM SIP 12 SAB  4 SIP  8 SIP  6 SIP  4  ASTM SIP 13 SAB 13 SIP  5 SIP 11 SIP  9 - - - . - - -  3  3 
TRY  ASTM SIP 12 SAB  4 SIP  8 SIP  6 SIP  4  ASTM SIP 13 SAB 13 SIP  5 SIP 11 SIP  9 - - - . - - -  3  3 
TRY  ASTM DYB 12 SAB  4 SIP  8 SIP  6 SIP  4  ASTM SIP 13 SAB 13 SIP  5 SIP 11 SIP  9 - - - . - - -  3  3 
TRY  ASTM DYB 12 SAB  4 SIP  8 SIP  6 SIP  4  ASTM SIP 13 SAB 13 SIP  5 SIP 11 SIP  9 1 - - . - - -  3  3 
TRY  ASTM DYB 12 SAB  4 SIP  8 SIP  6 DYB  4  ASTM SIP 13 SAB 13 SIP  5 SIP 11 SIP  9 1 - - . - - -  3  3 
TRY  ASTM DYB 12 SAB  4 SIP  8 SIP  6 DYB  4  ASTM SIP 13 SAB 13 SIP  5 SIP 11 SIP  9 1 5 - . - - -  3  3 
TRY  ASTM DYB 12 SAB  4 SIP  8 SIP  6 DYB  4  ASTM SIP 13 SAB 13 SIP  5 DYB 11 SIP  9 1 5 - . - - -  3  3 
TRY  ASTM DYB 12 SAB  4 SIP  8 SIP  6 DYB  4  ASTM SIP 13 SAB 13 SIP  5 DYB 11 SIP  9 1 5 - . 4 - -  3  3 
TRY  ASTM DYB 12 SAB  4 SIP  8 SIP  6 DYB  4  ASTM SIP 13 SAB 13 SIP  5 DYB 11 DYB  9 1 5 - . 4 - -  3  3 
TRY  ASTM DYB 12 SAB  4 SIP  8 SIP  6 DYB  4  ASTM SIP 13 SAB 13 SIP  5 DYB 11 DYB  9 1 5 - . 4 5 -  3  3 
TRY  ASTM DYB 12 SAB  4 DYB  8 SIP  6 DYB  4  ASTM SIP 13 SAB 13 SIP  5 DYB 11 DYB  9 1 5 - . 4 5 -  3  3 
TRY  ASTM DYB 12 SAB  4 DYB  8 SIP  6 DYB  4  ASTM SIP 13 SAB 13 SIP  5 DYB 11 DYB  9 1 5 3 . 4 5 -  3  3 
TRY  ASTM DYB 12 SAB  4 DYB  8 SIP  6 DYB  4  ASTM SIP 13 SAB 13 DYB  5 DYB 11 DYB  9 1 5 3 . 4 5 -  3  3 
TRY  ASTM DYB 12 SAB  4 DYB  8 SIP  6 DYB  4  ASTM SIP 13 SAB 13 DYB  5 DYB 11 DYB  9 1 5 3 . 4 5 3  3  3 
TRY  ASTM DYB 12 SAB  4 DYB  8 DYB  6 DYB  4  ASTM SIP 13 SAB 13 DYB  5 DYB 11 DYB  9 1 5 3 . 4 5 3  3  3 
TRY  ASTM DYB 12 SAB  4 DYB  8 DYB  6 DYB  4  ASTM SIP 13 SAB 13 DYB  5 DYB 11 DYB  9 1 5 3 . 4 5 3  3  3 
TRY  ASTM DYB 12 SAB  4 DYB  8 DYB  6 DYB  4  ASTM DYB 13 SAB 13 DYB  5 DYB 11 DYB  9 1 5 3 . 4 5 3  3  3 
TRY  ASTM DYB 12 SAB  4 DYB  8 DYB  6 DYB  4  ASTM DYB 13 SAB 13 DYB  5 DYB 11 DYB  9 1 5 3 . 4 5 3  3  3 
TRY  ASTM DYB 12 SAB  4 DYB  8 DYB  6 DYB  4  ASTM DYB 13 SAB 13 DYB  5 DYB 11 DYB  9 1 5 3 . 4 5 3  3  3 
TRY  ASTM DYB 12 SAB  4 DYB  8 DYB  6 DYB  4  ASTM DYB 13 SAB 13 DYB  5 DYB 11 DYB  9 1 5 3 . 4 5 3  3  3 
TRY  ASTM DYB 12 SAB  4 DYB  8 DYB  5 DYB  4  ASTM DYB 13 SAB 13 DYB  5 DYB 11 DYB  9 1 5 3 . 4 5 3  3  3 
TRY  ASTM DYB 12 SAB  4 DYB  8 SAB  5 DYB  4  ASTM DYB 13 SAB 13 DYB  5 DYB 11 DYB  9 1 5 3 . 4 5 3  3  3 
TRY  ASTM DYB 12 SAB  4 DYB  8 SAB  5 DYB  4  ASTM DYB 13 SAB 13 DYB  5 DYB 11 DYB  9 1 5 3 . 4 5 -  3  3 
TRY  ASTM DYB 12 SAB  4 DYB  8 SAB  5 DYB  4  ASTM DYB 13 SAB 13 DYB  5 DYB 11 DYB  9 1 5 - . 4 5 -  3  3 
TRY  ASTM DYB 12 SAB  4 DYB  7 SAB  5 DYB  4  ASTM DYB 13 SAB 13 DYB  5 DYB 11 DYB  9 1 5 - . 4 5 -  3  3 
TRY  ASTM DYB 12 SAB  4 SAB  7 SAB  5 DYB  4  ASTM DYB 13 SAB 13 DYB  5 DYB 11 DYB  9 1 5 - . 4 5 -  3  3 
TRY  ASTM DYB 12 SAB  4 SAB  7 SAB  5 DYB  4  ASTM DYB 13 SAB 13 DYB  5 DYB 11 DYB  9 1 5 - . 4 - -  3  3 
TRY  ASTM DYB 12 SAB  4 SAB  7 SAB  5 DYB  4  ASTM DYB 13 SAB 13 DYB  5 DYB 11 DYB  9 1 5 - . - - -  3  3 
TRY  ASTM DYB 12 SAB  4 SAB  7 SAB  5 DYB  4  ASTM DYB 13 SAB 13 DYB  5 DYB 10 DYB  9 1 5 - . - - -  3  3 
TRY  ASTM DYB 12 SAB  4 SAB  7 SAB  5 DYB  4  ASTM DYB 13 SAB 13 DYB  5 SAB 10 DYB  9 1 5 - . - - -  3  3 
TRY  WFRC DYB 12 SAB  4 SAB  7 SAB  5 DYB  4  ASTM DYB 13 SAB 13 DYB  5 SAB 10 DYB  9 1 5 - . - - -  3  3 
TRY  WFRC DYB 12 SAB  4 SAB  7 SAB  5 DYB  4  ASTM DYB 13 SAB 13 DYB  5 SAB 10 DYB  9 1 - - . - - -  3  3 
TRY  WFRC DYB 12 SAB  4 SAB  7 SAB  5 DYB  4  ASTM DYB 13 SAB 13 DYB  5 SAB 10 DYB  9 - - - . - - -  3  3 
TRY  WFRC DYB 11 SAB  4 SAB  7 SAB  5 DYB  4  ASTM DYB 13 SAB 13 DYB  5 SAB 10 DYB  9 - - - . - - -  3  3 
TRY  WFRC SAB 11 SAB  4 SAB  7 SAB  5 DYB  4  ASTM DYB 13 SAB 13 DYB  5 SAB 10 DYB  9 - - - . - - -  3  3 
TRY  WFRC SAB 11 SAB  4 SAB  7 SAB  5 DYB  4  ASTM DYB 13 SAB 13 DYB  5 SAB 10 DYB  8 - - - . - - -  3  3 
TRY  WFRC SAB 11 SAB  4 SAB  7 SAB  5 DYB  4  ASTM DYB 13 SAB 13 DYB  5 SAB 10 SAB  8 - - - . - - -  3  3 
TRY  WFRC SAB 11 SAB  4 SAB  7 SAB  5 DYB  4  WFRC DYB 13 SAB 13 DYB  5 SAB 10 SAB  8 - - - . - - -  3  3 
TRY  WFRC SAB 11 SAB  4 SAB  7 SAB  5 DYB  4  WFRC DYB 12 SAB 13 DYB  5 SAB 10 SAB  8 - - - . - - -  3  3 
TRY  WFRC SAB 11 SAB  4 SAB  7 SAB  5 DYB  4  WFRC SAB 12 SAB 13 DYB  5 SAB 10 SAB  8 - - - . - - -  3  3 
TRY  WFRC SAB 11 SAB  4 SAB  7 SAB  5 DYB  4  WFRC SAB 12 SAB 13 DYB  4 SAB 10 SAB  8 - - - . - - -  3  3 
TRY  WFRC SAB 11 SAB  4 SAB  7 SAB  5 DYB  4  WFRC SAB 12 SAB 13 SAB  4 SAB 10 SAB  8 - - - . - - -  3  3 
TRY  WFRC SAB 11 SAB  4 SAB  7 SAB  5 DYB  3  WFRC SAB 12 SAB 13 SAB  4 SAB 10 SAB  8 - - - . - - -  3  3 
TRY  WFRC SAB 11 SAB  4 SAB  7 SAB  5 SAB  3  WFRC SAB 12 SAB 13 SAB  4 SAB 10 SAB  8 - - - . - - -  3  3 
WTC  WFRC SAB 11 SAB  4 SAB  7 SAB  5 SAB  3  WFRC SAB 12 SAB 13 SAB  4 SAB 10 SAB  8 - - - . - - -  3  3 
WTC  WFRC SAB 11 SAB  4 SAB  7 SAB  5 SAB  3  WFRC SAB 12 SAB 13 SAB  4 SAB 10 SAB  8 - - - . - - -  4  3 
WTC  WFRC SAB 11 SAB  4 SAB  7 SAB  5 SAB  3  WFRC SAB 12 SAB 13 SAB  4 SAB 10 SAB  8 - - - . - - -  4  4 
Game 3 was won by team B by knock out in 4 trials.
4Game 3 was won by team B by points.
EOG  WFRC SAB 11 SAB  4 SAB  7 SAB  5 SAB  3  WFRC SAB 12 SAB 13 SAB  4 SAB 10 SAB  8 - - - . - - -  4  4 
EOM  WFRC SAB 11 SAB  4 SAB  7 SAB  5 SAB  3  WFRC SAB 12 SAB 13 SAB  4 SAB 10 SAB  8 - - - . - - -  4  4 
Match was won by team B (3-0).

SIMULATION ENDED!

Legend: 
Ref Sta     state of the referee 
Coa # Stat - state of the coach of team # (# - 1 .. 2) 
Cont # Sta  state of the contestant # (# - 1 .. 5) of team whose coach was listed to the immediate left
Cont # SG   strength of the contestant # (# - 1 .. 5) of team whose coach was listed to the immediate left
TRIAL  ?   contestant identification at the position ? at the end of the rope for present trial (? - 1 .. 3)
TRIAL  NB  trial number
TRIAL  PS  position of the centre of the rope at the beginning of the trial

@authors Gabriel Vieira (68021) gabriel.vieira@ua.pt / Rui Oliveira (68779) ruipedrooliveira@ua.pt
